training
INFO:sleap.nn.training:Versions:
SLEAP: 1.3.0
TensorFlow: 2.6.3
Numpy: 1.19.5
Python: 3.7.12
OS: Linux-5.15.0-76-generic-x86_64-with-debian-bullseye-sid
INFO:sleap.nn.training:Training labels file: /scratch/back_up/reward_competition_extention/proc/labeled_frames/standard_comp_to_training.round_1.labeled.pkg.slp
INFO:sleap.nn.training:Training profile: /nancy/projects/reward_competition_extention/results/2023_06_15_sleap_preprocessing/scripts/round_1/round_1_baseline_medium_rf.bottomup.json
INFO:sleap.nn.training:
INFO:sleap.nn.training:Arguments:
INFO:sleap.nn.training:{
    "training_job_path": "/nancy/projects/reward_competition_extention/results/2023_06_15_sleap_preprocessing/scripts/round_1/round_1_baseline_medium_rf.bottomup.json",
    "labels_path": "/scratch/back_up/reward_competition_extention/proc/labeled_frames/standard_comp_to_training.round_1.labeled.pkg.slp",
    "video_paths": [
        ""
    ],
    "val_labels": null,
    "test_labels": null,
    "base_checkpoint": null,
    "tensorboard": false,
    "save_viz": false,
    "zmq": false,
    "run_name": "",
    "prefix": "",
    "suffix": "",
    "cpu": false,
    "first_gpu": false,
    "last_gpu": false,
    "gpu": "auto"
}
INFO:sleap.nn.training:
INFO:sleap.nn.training:Training job:
INFO:sleap.nn.training:{
    "data": {
        "labels": {
            "training_labels": null,
            "validation_labels": null,
            "validation_fraction": 0.1,
            "test_labels": null,
            "split_by_inds": false,
            "training_inds": null,
            "validation_inds": null,
            "test_inds": null,
            "search_path_hints": [],
            "skeletons": []
        },
        "preprocessing": {
            "ensure_rgb": false,
            "ensure_grayscale": false,
            "imagenet_mode": null,
            "input_scaling": 1.0,
            "pad_to_stride": null,
            "resize_and_pad_to_target": true,
            "target_height": null,
            "target_width": null
        },
        "instance_cropping": {
            "center_on_part": null,
            "crop_size": null,
            "crop_size_detection_padding": 16
        }
    },
    "model": {
        "backbone": {
            "leap": null,
            "unet": {
                "stem_stride": null,
                "max_stride": 32,
                "output_stride": 4,
                "filters": 16,
                "filters_rate": 2.0,
                "middle_block": true,
                "up_interpolate": true,
                "stacks": 1
            },
            "hourglass": null,
            "resnet": null,
            "pretrained_encoder": null
        },
        "heads": {
            "single_instance": null,
            "centroid": null,
            "centered_instance": null,
            "multi_instance": {
                "confmaps": {
                    "part_names": null,
                    "sigma": 2.5,
                    "output_stride": 4,
                    "loss_weight": 1.0,
                    "offset_refinement": false
                },
                "pafs": {
                    "edges": null,
                    "sigma": 75.0,
                    "output_stride": 8,
                    "loss_weight": 1.0
                }
            },
            "multi_class_bottomup": null,
            "multi_class_topdown": null
        },
        "base_checkpoint": null
    },
    "optimization": {
        "preload_data": true,
        "augmentation_config": {
            "rotate": true,
            "rotation_min_angle": -15.0,
            "rotation_max_angle": 15.0,
            "translate": false,
            "translate_min": -5,
            "translate_max": 5,
            "scale": false,
            "scale_min": 0.9,
            "scale_max": 1.1,
            "uniform_noise": false,
            "uniform_noise_min_val": 0.0,
            "uniform_noise_max_val": 10.0,
            "gaussian_noise": false,
            "gaussian_noise_mean": 5.0,
            "gaussian_noise_stddev": 1.0,
            "contrast": false,
            "contrast_min_gamma": 0.5,
            "contrast_max_gamma": 2.0,
            "brightness": false,
            "brightness_min_val": 0.0,
            "brightness_max_val": 10.0,
            "random_crop": false,
            "random_crop_height": 256,
            "random_crop_width": 256,
            "random_flip": false,
            "flip_horizontal": true
        },
        "online_shuffling": true,
        "shuffle_buffer_size": 128,
        "prefetch": true,
        "batch_size": 4,
        "batches_per_epoch": null,
        "min_batches_per_epoch": 200,
        "val_batches_per_epoch": null,
        "min_val_batches_per_epoch": 10,
        "epochs": 200,
        "optimizer": "adam",
        "initial_learning_rate": 0.0001,
        "learning_rate_schedule": {
            "reduce_on_plateau": true,
            "reduction_factor": 0.5,
            "plateau_min_delta": 1e-08,
            "plateau_patience": 8,
            "plateau_cooldown": 3,
            "min_learning_rate": 1e-08
        },
        "hard_keypoint_mining": {
            "online_mining": false,
            "hard_to_easy_ratio": 2.0,
            "min_hard_keypoints": 2,
            "max_hard_keypoints": null,
            "loss_scale": 5.0
        },
        "early_stopping": {
            "stop_training_on_plateau": true,
            "plateau_min_delta": 1e-08,
            "plateau_patience": 10
        }
    },
    "outputs": {
        "save_outputs": true,
        "run_name": "round_1_baseline_medium_rf.bottomup",
        "run_name_prefix": "",
        "run_name_suffix": null,
        "runs_folder": "models",
        "tags": [],
        "save_visualizations": true,
        "delete_viz_images": true,
        "zip_outputs": false,
        "log_to_csv": true,
        "checkpointing": {
            "initial_model": false,
            "best_model": true,
            "every_epoch": false,
            "latest_model": false,
            "final_model": false
        },
        "tensorboard": {
            "write_logs": false,
            "loss_frequency": "epoch",
            "architecture_graph": false,
            "profile_graph": false,
            "visualizations": true
        },
        "zmq": {
            "subscribe_to_controller": false,
            "controller_address": "tcp://127.0.0.1:9000",
            "controller_polling_timeout": 10,
            "publish_updates": false,
            "publish_address": "tcp://127.0.0.1:9001"
        }
    },
    "name": "",
    "description": "",
    "sleap_version": "1.3.0",
    "filename": "/nancy/projects/reward_competition_extention/results/2023_06_15_sleap_preprocessing/scripts/round_1/round_1_baseline_medium_rf.bottomup.json"
}
INFO:sleap.nn.training:
INFO:sleap.nn.training:Auto-selected GPU 0 with 10998 MiB of free memory.
INFO:sleap.nn.training:Using GPU 0 for acceleration.
INFO:sleap.nn.training:Disabled GPU memory pre-allocation.
INFO:sleap.nn.training:System:
GPUs: 1/1 available
  Device: /physical_device:GPU:0
         Available: True
        Initalized: False
     Memory growth: True
INFO:sleap.nn.training:
INFO:sleap.nn.training:Initializing trainer...
INFO:sleap.nn.training:Loading training labels from: /scratch/back_up/reward_competition_extention/proc/labeled_frames/standard_comp_to_training.round_1.labeled.pkg.slp
INFO:sleap.nn.training:Creating training and validation splits from validation fraction: 0.1
INFO:sleap.nn.training:  Splits: Training = 127 / Validation = 14.
INFO:sleap.nn.training:Setting up for training...
INFO:sleap.nn.training:Setting up pipeline builders...
INFO:sleap.nn.training:Setting up model...
INFO:sleap.nn.training:Building test pipeline...
INFO:sleap.nn.training:Loaded test example. [1.806s]
INFO:sleap.nn.training:  Input shape: (480, 640, 3)
INFO:sleap.nn.training:Created Keras model.
INFO:sleap.nn.training:  Backbone: UNet(stacks=1, filters=16, filters_rate=2.0, kernel_size=3, stem_kernel_size=7, convs_per_block=2, stem_blocks=0, down_blocks=5, middle_block=True, up_blocks=3, up_interpolate=True, block_contraction=False)
INFO:sleap.nn.training:  Max stride: 32
INFO:sleap.nn.training:  Parameters: 7,818,146
INFO:sleap.nn.training:  Heads: 
INFO:sleap.nn.training:    [0] = MultiInstanceConfmapsHead(part_names=['left_ear', 'right_ear', 'nose', 'tail_base', 'thorax', 'forehead'], sigma=2.5, output_stride=4, loss_weight=1.0)
INFO:sleap.nn.training:    [1] = PartAffinityFieldsHead(edges=[('nose', 'forehead'), ('forehead', 'left_ear'), ('forehead', 'right_ear'), ('left_ear', 'thorax'), ('right_ear', 'thorax'), ('thorax', 'tail_base')], sigma=75.0, output_stride=8, loss_weight=1.0)
INFO:sleap.nn.training:  Outputs: 
INFO:sleap.nn.training:    [0] = KerasTensor(type_spec=TensorSpec(shape=(None, 120, 160, 6), dtype=tf.float32, name=None), name='MultiInstanceConfmapsHead/BiasAdd:0', description="created by layer 'MultiInstanceConfmapsHead'")
INFO:sleap.nn.training:    [1] = KerasTensor(type_spec=TensorSpec(shape=(None, 60, 80, 12), dtype=tf.float32, name=None), name='PartAffinityFieldsHead/BiasAdd:0', description="created by layer 'PartAffinityFieldsHead'")
INFO:sleap.nn.training:Training from scratch
INFO:sleap.nn.training:Setting up data pipelines...
INFO:sleap.nn.training:Training set: n = 127
INFO:sleap.nn.training:Validation set: n = 14
INFO:sleap.nn.training:Setting up optimization...
INFO:sleap.nn.training:  Learning rate schedule: LearningRateScheduleConfig(reduce_on_plateau=True, reduction_factor=0.5, plateau_min_delta=1e-08, plateau_patience=8, plateau_cooldown=3, min_learning_rate=1e-08)
INFO:sleap.nn.training:  Early stopping: EarlyStoppingConfig(stop_training_on_plateau=True, plateau_min_delta=1e-08, plateau_patience=10)
INFO:sleap.nn.training:Setting up outputs...
INFO:sleap.nn.training:Created run path: models/round_1_baseline_medium_rf.bottomup_1
INFO:sleap.nn.training:Setting up visualization...
INFO:sleap.nn.training:Finished trainer set up. [3.8s]
INFO:sleap.nn.training:Creating tf.data.Datasets for training data generation...
INFO:sleap.nn.training:Finished creating training datasets. [4.9s]
INFO:sleap.nn.training:Starting training loop...
Epoch 1/200
200/200 - 18s - loss: 0.0032 - MultiInstanceConfmapsHead_loss: 0.0015 - PartAffinityFieldsHead_loss: 0.0017 - val_loss: 0.0028 - val_MultiInstanceConfmapsHead_loss: 0.0012 - val_PartAffinityFieldsHead_loss: 0.0015
Epoch 2/200
200/200 - 13s - loss: 0.0023 - MultiInstanceConfmapsHead_loss: 9.8992e-04 - PartAffinityFieldsHead_loss: 0.0013 - val_loss: 0.0023 - val_MultiInstanceConfmapsHead_loss: 9.7748e-04 - val_PartAffinityFieldsHead_loss: 0.0013
Epoch 3/200
200/200 - 12s - loss: 0.0018 - MultiInstanceConfmapsHead_loss: 7.6696e-04 - PartAffinityFieldsHead_loss: 0.0011 - val_loss: 0.0021 - val_MultiInstanceConfmapsHead_loss: 8.9366e-04 - val_PartAffinityFieldsHead_loss: 0.0012
Epoch 4/200
200/200 - 13s - loss: 0.0014 - MultiInstanceConfmapsHead_loss: 5.5456e-04 - PartAffinityFieldsHead_loss: 8.3172e-04 - val_loss: 0.0022 - val_MultiInstanceConfmapsHead_loss: 9.8367e-04 - val_PartAffinityFieldsHead_loss: 0.0012
Epoch 5/200
200/200 - 12s - loss: 0.0011 - MultiInstanceConfmapsHead_loss: 4.1447e-04 - PartAffinityFieldsHead_loss: 6.7494e-04 - val_loss: 0.0018 - val_MultiInstanceConfmapsHead_loss: 8.0933e-04 - val_PartAffinityFieldsHead_loss: 0.0010
Epoch 6/200
200/200 - 11s - loss: 8.5161e-04 - MultiInstanceConfmapsHead_loss: 3.0642e-04 - PartAffinityFieldsHead_loss: 5.4519e-04 - val_loss: 0.0017 - val_MultiInstanceConfmapsHead_loss: 7.6397e-04 - val_PartAffinityFieldsHead_loss: 9.7049e-04
Epoch 7/200
200/200 - 11s - loss: 7.0958e-04 - MultiInstanceConfmapsHead_loss: 2.4378e-04 - PartAffinityFieldsHead_loss: 4.6580e-04 - val_loss: 0.0018 - val_MultiInstanceConfmapsHead_loss: 8.2507e-04 - val_PartAffinityFieldsHead_loss: 0.0010
Epoch 8/200
200/200 - 11s - loss: 5.8836e-04 - MultiInstanceConfmapsHead_loss: 1.9389e-04 - PartAffinityFieldsHead_loss: 3.9447e-04 - val_loss: 0.0018 - val_MultiInstanceConfmapsHead_loss: 7.7537e-04 - val_PartAffinityFieldsHead_loss: 9.7474e-04
Epoch 9/200
200/200 - 11s - loss: 5.0823e-04 - MultiInstanceConfmapsHead_loss: 1.6400e-04 - PartAffinityFieldsHead_loss: 3.4422e-04 - val_loss: 0.0017 - val_MultiInstanceConfmapsHead_loss: 7.5789e-04 - val_PartAffinityFieldsHead_loss: 9.5122e-04
Epoch 10/200
200/200 - 10s - loss: 4.2517e-04 - MultiInstanceConfmapsHead_loss: 1.2923e-04 - PartAffinityFieldsHead_loss: 2.9594e-04 - val_loss: 0.0016 - val_MultiInstanceConfmapsHead_loss: 7.0446e-04 - val_PartAffinityFieldsHead_loss: 8.8518e-04
Epoch 11/200
200/200 - 10s - loss: 3.7854e-04 - MultiInstanceConfmapsHead_loss: 1.1253e-04 - PartAffinityFieldsHead_loss: 2.6601e-04 - val_loss: 0.0015 - val_MultiInstanceConfmapsHead_loss: 6.8666e-04 - val_PartAffinityFieldsHead_loss: 8.3618e-04
Epoch 12/200
200/200 - 10s - loss: 3.4060e-04 - MultiInstanceConfmapsHead_loss: 9.8789e-05 - PartAffinityFieldsHead_loss: 2.4181e-04 - val_loss: 0.0018 - val_MultiInstanceConfmapsHead_loss: 8.3706e-04 - val_PartAffinityFieldsHead_loss: 9.8080e-04
Epoch 13/200
200/200 - 11s - loss: 3.1109e-04 - MultiInstanceConfmapsHead_loss: 8.9617e-05 - PartAffinityFieldsHead_loss: 2.2147e-04 - val_loss: 0.0018 - val_MultiInstanceConfmapsHead_loss: 8.0340e-04 - val_PartAffinityFieldsHead_loss: 9.9715e-04
Epoch 14/200
200/200 - 11s - loss: 2.7756e-04 - MultiInstanceConfmapsHead_loss: 7.7769e-05 - PartAffinityFieldsHead_loss: 1.9979e-04 - val_loss: 0.0016 - val_MultiInstanceConfmapsHead_loss: 7.4359e-04 - val_PartAffinityFieldsHead_loss: 9.0347e-04
Epoch 15/200
200/200 - 11s - loss: 2.5193e-04 - MultiInstanceConfmapsHead_loss: 6.8556e-05 - PartAffinityFieldsHead_loss: 1.8337e-04 - val_loss: 0.0017 - val_MultiInstanceConfmapsHead_loss: 7.7316e-04 - val_PartAffinityFieldsHead_loss: 9.5480e-04
Epoch 16/200
200/200 - 11s - loss: 2.3577e-04 - MultiInstanceConfmapsHead_loss: 6.4840e-05 - PartAffinityFieldsHead_loss: 1.7093e-04 - val_loss: 0.0018 - val_MultiInstanceConfmapsHead_loss: 7.7669e-04 - val_PartAffinityFieldsHead_loss: 9.7572e-04
Epoch 17/200
200/200 - 11s - loss: 2.2040e-04 - MultiInstanceConfmapsHead_loss: 5.9124e-05 - PartAffinityFieldsHead_loss: 1.6128e-04 - val_loss: 0.0018 - val_MultiInstanceConfmapsHead_loss: 7.9077e-04 - val_PartAffinityFieldsHead_loss: 9.6396e-04
Epoch 18/200
200/200 - 11s - loss: 1.9873e-04 - MultiInstanceConfmapsHead_loss: 5.1342e-05 - PartAffinityFieldsHead_loss: 1.4739e-04 - val_loss: 0.0016 - val_MultiInstanceConfmapsHead_loss: 7.1096e-04 - val_PartAffinityFieldsHead_loss: 9.0163e-04
Epoch 19/200
200/200 - 11s - loss: 1.8245e-04 - MultiInstanceConfmapsHead_loss: 4.6561e-05 - PartAffinityFieldsHead_loss: 1.3589e-04 - val_loss: 0.0018 - val_MultiInstanceConfmapsHead_loss: 7.9951e-04 - val_PartAffinityFieldsHead_loss: 9.6185e-04

Epoch 00019: ReduceLROnPlateau reducing learning rate to 4.999999873689376e-05.
Epoch 20/200
200/200 - 11s - loss: 1.5238e-04 - MultiInstanceConfmapsHead_loss: 3.4740e-05 - PartAffinityFieldsHead_loss: 1.1764e-04 - val_loss: 0.0017 - val_MultiInstanceConfmapsHead_loss: 7.4208e-04 - val_PartAffinityFieldsHead_loss: 9.2863e-04
Epoch 21/200
200/200 - 11s - loss: 1.4170e-04 - MultiInstanceConfmapsHead_loss: 3.1088e-05 - PartAffinityFieldsHead_loss: 1.1062e-04 - val_loss: 0.0016 - val_MultiInstanceConfmapsHead_loss: 7.2921e-04 - val_PartAffinityFieldsHead_loss: 9.1434e-04
Epoch 00021: early stopping
INFO:sleap.nn.training:Finished training loop. [4.8 min]
INFO:sleap.nn.training:Deleting visualization directory: models/round_1_baseline_medium_rf.bottomup_1/viz
INFO:sleap.nn.training:Saving evaluation metrics to model folder...
Predicting... ━━━━━━━━━━━━━━━━━━━━━━━━━━━━━━━━━━━━━━━ 100% ETA: 0:00:00 33.1 FPS
INFO:sleap.nn.evals:Saved predictions: models/round_1_baseline_medium_rf.bottomup_1/labels_pr.train.slp
INFO:sleap.nn.evals:Saved metrics: models/round_1_baseline_medium_rf.bottomup_1/metrics.train.npz
INFO:sleap.nn.evals:OKS mAP: 0.646491
Predicting... ━━━━━━━━━━━━━━━━━━━━━━━━━━━━━━━━━━━━━━━━ 100% ETA: 0:00:00 4.4 FPS
INFO:sleap.nn.evals:Saved predictions: models/round_1_baseline_medium_rf.bottomup_1/labels_pr.val.slp
INFO:sleap.nn.evals:Saved metrics: models/round_1_baseline_medium_rf.bottomup_1/metrics.val.npz
INFO:sleap.nn.evals:OKS mAP: 0.014521
Currently starting: /scratch/back_up/reward_competition_extention/proc/reencoded_videos/20230612_101430_standard_comp_to_training_D1_subj_1-4_and_1-3/20230612_101430_standard_comp_to_training_D1_subj_1-4_and_1-3.1.fixed.mp4
Output file /scratch/back_up/reward_competition_extention/proc/predicted_frames/round_1/20230612_101430_standard_comp_to_training_D1_subj_1-4_and_1-3/20230612_101430_standard_comp_to_training_D1_subj_1-4_and_1-3.1.fixed.1_subj.round_1.predicted_frames.slp already exists, skipping...
Output file /scratch/back_up/reward_competition_extention/proc/predicted_frames/round_1/20230612_101430_standard_comp_to_training_D1_subj_1-4_and_1-3/20230612_101430_standard_comp_to_training_D1_subj_1-4_and_1-3.1.fixed.2_subj.round_1.predicted_frames.slp already exists, skipping...
Currently starting: /scratch/back_up/reward_competition_extention/proc/reencoded_videos/20230612_101430_standard_comp_to_training_D1_subj_1-4_and_1-3/20230612_101430_standard_comp_to_training_D1_subj_1-4_and_1-3.2.fixed.mp4
Output file /scratch/back_up/reward_competition_extention/proc/predicted_frames/round_1/20230612_101430_standard_comp_to_training_D1_subj_1-4_and_1-3/20230612_101430_standard_comp_to_training_D1_subj_1-4_and_1-3.2.fixed.1_subj.round_1.predicted_frames.slp already exists, skipping...
Output file /scratch/back_up/reward_competition_extention/proc/predicted_frames/round_1/20230612_101430_standard_comp_to_training_D1_subj_1-4_and_1-3/20230612_101430_standard_comp_to_training_D1_subj_1-4_and_1-3.2.fixed.2_subj.round_1.predicted_frames.slp already exists, skipping...
Currently starting: /scratch/back_up/reward_competition_extention/proc/reencoded_videos/20230612_101935_standard_comp_to_training_D1_subj_2-2_and_2-1/20230612_101935_standard_comp_to_training_D1_subj_2-2_and_2-1.1.fixed.mp4
Output file /scratch/back_up/reward_competition_extention/proc/predicted_frames/round_1/20230612_101935_standard_comp_to_training_D1_subj_2-2_and_2-1/20230612_101935_standard_comp_to_training_D1_subj_2-2_and_2-1.1.fixed.1_subj.round_1.predicted_frames.slp already exists, skipping...
Output file /scratch/back_up/reward_competition_extention/proc/predicted_frames/round_1/20230612_101935_standard_comp_to_training_D1_subj_2-2_and_2-1/20230612_101935_standard_comp_to_training_D1_subj_2-2_and_2-1.1.fixed.2_subj.round_1.predicted_frames.slp already exists, skipping...
Currently starting: /scratch/back_up/reward_competition_extention/proc/reencoded_videos/20230612_101935_standard_comp_to_training_D1_subj_2-2_and_2-1/20230612_101935_standard_comp_to_training_D1_subj_2-2_and_2-1.2.fixed.mp4
Output file /scratch/back_up/reward_competition_extention/proc/predicted_frames/round_1/20230612_101935_standard_comp_to_training_D1_subj_2-2_and_2-1/20230612_101935_standard_comp_to_training_D1_subj_2-2_and_2-1.2.fixed.1_subj.round_1.predicted_frames.slp already exists, skipping...
Output file /scratch/back_up/reward_competition_extention/proc/predicted_frames/round_1/20230612_101935_standard_comp_to_training_D1_subj_2-2_and_2-1/20230612_101935_standard_comp_to_training_D1_subj_2-2_and_2-1.2.fixed.2_subj.round_1.predicted_frames.slp already exists, skipping...
Currently starting: /scratch/back_up/reward_competition_extention/proc/reencoded_videos/20230612_101935_standard_comp_to_training_D1_subj_2-2_and_2-1/20230612_101935_standard_comp_to_training_D1_subj_2-2_and_2-1.3.fixed.mp4
Output file /scratch/back_up/reward_competition_extention/proc/predicted_frames/round_1/20230612_101935_standard_comp_to_training_D1_subj_2-2_and_2-1/20230612_101935_standard_comp_to_training_D1_subj_2-2_and_2-1.3.fixed.1_subj.round_1.predicted_frames.slp already exists, skipping...
Output file /scratch/back_up/reward_competition_extention/proc/predicted_frames/round_1/20230612_101935_standard_comp_to_training_D1_subj_2-2_and_2-1/20230612_101935_standard_comp_to_training_D1_subj_2-2_and_2-1.3.fixed.2_subj.round_1.predicted_frames.slp already exists, skipping...
Currently starting: /scratch/back_up/reward_competition_extention/proc/reencoded_videos/20230612_112630_standard_comp_to_training_D1_subj_1-2_and_1-1/20230612_112630_standard_comp_to_training_D1_subj_1-2_and_1-1.1.fixed.mp4
Output file /scratch/back_up/reward_competition_extention/proc/predicted_frames/round_1/20230612_112630_standard_comp_to_training_D1_subj_1-2_and_1-1/20230612_112630_standard_comp_to_training_D1_subj_1-2_and_1-1.1.fixed.1_subj.round_1.predicted_frames.slp already exists, skipping...
Output file /scratch/back_up/reward_competition_extention/proc/predicted_frames/round_1/20230612_112630_standard_comp_to_training_D1_subj_1-2_and_1-1/20230612_112630_standard_comp_to_training_D1_subj_1-2_and_1-1.1.fixed.2_subj.round_1.predicted_frames.slp already exists, skipping...
Currently starting: /scratch/back_up/reward_competition_extention/proc/reencoded_videos/20230612_112630_standard_comp_to_training_D1_subj_1-2_and_1-1/20230612_112630_standard_comp_to_training_D1_subj_1-2_and_1-1.2.fixed.mp4
Output file /scratch/back_up/reward_competition_extention/proc/predicted_frames/round_1/20230612_112630_standard_comp_to_training_D1_subj_1-2_and_1-1/20230612_112630_standard_comp_to_training_D1_subj_1-2_and_1-1.2.fixed.1_subj.round_1.predicted_frames.slp already exists, skipping...
Output file /scratch/back_up/reward_competition_extention/proc/predicted_frames/round_1/20230612_112630_standard_comp_to_training_D1_subj_1-2_and_1-1/20230612_112630_standard_comp_to_training_D1_subj_1-2_and_1-1.2.fixed.2_subj.round_1.predicted_frames.slp already exists, skipping...
Currently starting: /scratch/back_up/reward_competition_extention/proc/reencoded_videos/20230613_105657_standard_comp_to_training_D2_subj_1-1_and_1-4/20230613_105657_standard_comp_to_training_D2_subj_1-1_and_1-4.1.fixed.mp4
Output file /scratch/back_up/reward_competition_extention/proc/predicted_frames/round_1/20230613_105657_standard_comp_to_training_D2_subj_1-1_and_1-4/20230613_105657_standard_comp_to_training_D2_subj_1-1_and_1-4.1.fixed.1_subj.round_1.predicted_frames.slp already exists, skipping...
Output file /scratch/back_up/reward_competition_extention/proc/predicted_frames/round_1/20230613_105657_standard_comp_to_training_D2_subj_1-1_and_1-4/20230613_105657_standard_comp_to_training_D2_subj_1-1_and_1-4.1.fixed.2_subj.round_1.predicted_frames.slp already exists, skipping...
Currently starting: /scratch/back_up/reward_competition_extention/proc/reencoded_videos/20230613_105657_standard_comp_to_training_D2_subj_1-1_and_1-4/20230613_105657_standard_comp_to_training_D2_subj_1-1_and_1-4.2.fixed.mp4
Output file /scratch/back_up/reward_competition_extention/proc/predicted_frames/round_1/20230613_105657_standard_comp_to_training_D2_subj_1-1_and_1-4/20230613_105657_standard_comp_to_training_D2_subj_1-1_and_1-4.2.fixed.1_subj.round_1.predicted_frames.slp already exists, skipping...
Output file /scratch/back_up/reward_competition_extention/proc/predicted_frames/round_1/20230613_105657_standard_comp_to_training_D2_subj_1-1_and_1-4/20230613_105657_standard_comp_to_training_D2_subj_1-1_and_1-4.2.fixed.2_subj.round_1.predicted_frames.slp already exists, skipping...
Currently starting: /scratch/back_up/reward_competition_extention/proc/reencoded_videos/20230613_110126_standard_comp_to_training_D2_subj_2-4_and_2-2/20230613_110126_standard_comp_to_training_D2_subj_2-4_and_2-2.1.fixed.mp4
Output file /scratch/back_up/reward_competition_extention/proc/predicted_frames/round_1/20230613_110126_standard_comp_to_training_D2_subj_2-4_and_2-2/20230613_110126_standard_comp_to_training_D2_subj_2-4_and_2-2.1.fixed.1_subj.round_1.predicted_frames.slp already exists, skipping...
Output file /scratch/back_up/reward_competition_extention/proc/predicted_frames/round_1/20230613_110126_standard_comp_to_training_D2_subj_2-4_and_2-2/20230613_110126_standard_comp_to_training_D2_subj_2-4_and_2-2.1.fixed.2_subj.round_1.predicted_frames.slp already exists, skipping...
Currently starting: /scratch/back_up/reward_competition_extention/proc/reencoded_videos/20230613_110126_standard_comp_to_training_D2_subj_2-4_and_2-2/20230613_110126_standard_comp_to_training_D2_subj_2-4_and_2-2.2.fixed.mp4
Output file /scratch/back_up/reward_competition_extention/proc/predicted_frames/round_1/20230613_110126_standard_comp_to_training_D2_subj_2-4_and_2-2/20230613_110126_standard_comp_to_training_D2_subj_2-4_and_2-2.2.fixed.1_subj.round_1.predicted_frames.slp already exists, skipping...
Output file /scratch/back_up/reward_competition_extention/proc/predicted_frames/round_1/20230613_110126_standard_comp_to_training_D2_subj_2-4_and_2-2/20230613_110126_standard_comp_to_training_D2_subj_2-4_and_2-2.2.fixed.2_subj.round_1.predicted_frames.slp already exists, skipping...
Currently starting: /scratch/back_up/reward_competition_extention/proc/reencoded_videos/20230613_110126_standard_comp_to_training_D2_subj_2-4_and_2-2/20230613_110126_standard_comp_to_training_D2_subj_2-4_and_2-2.3.fixed.mp4
Output file /scratch/back_up/reward_competition_extention/proc/predicted_frames/round_1/20230613_110126_standard_comp_to_training_D2_subj_2-4_and_2-2/20230613_110126_standard_comp_to_training_D2_subj_2-4_and_2-2.3.fixed.1_subj.round_1.predicted_frames.slp already exists, skipping...
Output file /scratch/back_up/reward_competition_extention/proc/predicted_frames/round_1/20230613_110126_standard_comp_to_training_D2_subj_2-4_and_2-2/20230613_110126_standard_comp_to_training_D2_subj_2-4_and_2-2.3.fixed.2_subj.round_1.predicted_frames.slp already exists, skipping...
Currently starting: /scratch/back_up/reward_competition_extention/proc/reencoded_videos/20230614_114041_standard_comp_to_training_D3_subj_1-1_and_1-2/20230614_114041_standard_comp_to_training_D3_subj_1-1_and_1-2.1.fixed.mp4
Output file /scratch/back_up/reward_competition_extention/proc/predicted_frames/round_1/20230614_114041_standard_comp_to_training_D3_subj_1-1_and_1-2/20230614_114041_standard_comp_to_training_D3_subj_1-1_and_1-2.1.fixed.1_subj.round_1.predicted_frames.slp already exists, skipping...
Output file /scratch/back_up/reward_competition_extention/proc/predicted_frames/round_1/20230614_114041_standard_comp_to_training_D3_subj_1-1_and_1-2/20230614_114041_standard_comp_to_training_D3_subj_1-1_and_1-2.1.fixed.2_subj.round_1.predicted_frames.slp already exists, skipping...
Currently starting: /scratch/back_up/reward_competition_extention/proc/reencoded_videos/20230614_114041_standard_comp_to_training_D3_subj_1-1_and_1-2/20230614_114041_standard_comp_to_training_D3_subj_1-1_and_1-2.2.fixed.mp4
Output file /scratch/back_up/reward_competition_extention/proc/predicted_frames/round_1/20230614_114041_standard_comp_to_training_D3_subj_1-1_and_1-2/20230614_114041_standard_comp_to_training_D3_subj_1-1_and_1-2.2.fixed.1_subj.round_1.predicted_frames.slp already exists, skipping...
Output file /scratch/back_up/reward_competition_extention/proc/predicted_frames/round_1/20230614_114041_standard_comp_to_training_D3_subj_1-1_and_1-2/20230614_114041_standard_comp_to_training_D3_subj_1-1_and_1-2.2.fixed.2_subj.round_1.predicted_frames.slp already exists, skipping...
Currently starting: /scratch/back_up/reward_competition_extention/proc/reencoded_videos/20230614_114041_standard_comp_to_training_D3_subj_1-1_and_1-2/20230614_114041_standard_comp_to_training_D3_subj_1-1_and_1-2.3.fixed.mp4
Output file /scratch/back_up/reward_competition_extention/proc/predicted_frames/round_1/20230614_114041_standard_comp_to_training_D3_subj_1-1_and_1-2/20230614_114041_standard_comp_to_training_D3_subj_1-1_and_1-2.3.fixed.1_subj.round_1.predicted_frames.slp already exists, skipping...
Output file /scratch/back_up/reward_competition_extention/proc/predicted_frames/round_1/20230614_114041_standard_comp_to_training_D3_subj_1-1_and_1-2/20230614_114041_standard_comp_to_training_D3_subj_1-1_and_1-2.3.fixed.2_subj.round_1.predicted_frames.slp already exists, skipping...
Currently starting: /scratch/back_up/reward_competition_extention/proc/reencoded_videos/20230614_115827_standard_comp_to_training_D3_subj_2-1_and_2-4/20230614_115827_standard_comp_to_training_D3_subj_2-1_and_2-4.1.fixed.mp4
Output file /scratch/back_up/reward_competition_extention/proc/predicted_frames/round_1/20230614_115827_standard_comp_to_training_D3_subj_2-1_and_2-4/20230614_115827_standard_comp_to_training_D3_subj_2-1_and_2-4.1.fixed.1_subj.round_1.predicted_frames.slp already exists, skipping...
Output file /scratch/back_up/reward_competition_extention/proc/predicted_frames/round_1/20230614_115827_standard_comp_to_training_D3_subj_2-1_and_2-4/20230614_115827_standard_comp_to_training_D3_subj_2-1_and_2-4.1.fixed.2_subj.round_1.predicted_frames.slp already exists, skipping...
Currently starting: /scratch/back_up/reward_competition_extention/proc/reencoded_videos/20230614_115827_standard_comp_to_training_D3_subj_2-1_and_2-4/20230614_115827_standard_comp_to_training_D3_subj_2-1_and_2-4.2.fixed.mp4
Output file /scratch/back_up/reward_competition_extention/proc/predicted_frames/round_1/20230614_115827_standard_comp_to_training_D3_subj_2-1_and_2-4/20230614_115827_standard_comp_to_training_D3_subj_2-1_and_2-4.2.fixed.1_subj.round_1.predicted_frames.slp already exists, skipping...
Output file /scratch/back_up/reward_competition_extention/proc/predicted_frames/round_1/20230614_115827_standard_comp_to_training_D3_subj_2-1_and_2-4/20230614_115827_standard_comp_to_training_D3_subj_2-1_and_2-4.2.fixed.2_subj.round_1.predicted_frames.slp already exists, skipping...
Currently starting: /scratch/back_up/reward_competition_extention/proc/reencoded_videos/20230616_111904_standard_comp_to_training_D4_subj_1-4_and_1-2/20230616_111904_standard_comp_to_training_D4_subj_1-4_and_1-2.1.fixed.mp4
Output file /scratch/back_up/reward_competition_extention/proc/predicted_frames/round_1/20230616_111904_standard_comp_to_training_D4_subj_1-4_and_1-2/20230616_111904_standard_comp_to_training_D4_subj_1-4_and_1-2.1.fixed.1_subj.round_1.predicted_frames.slp already exists, skipping...
Output file /scratch/back_up/reward_competition_extention/proc/predicted_frames/round_1/20230616_111904_standard_comp_to_training_D4_subj_1-4_and_1-2/20230616_111904_standard_comp_to_training_D4_subj_1-4_and_1-2.1.fixed.2_subj.round_1.predicted_frames.slp already exists, skipping...
Currently starting: /scratch/back_up/reward_competition_extention/proc/reencoded_videos/20230616_111904_standard_comp_to_training_D4_subj_1-4_and_1-2/20230616_111904_standard_comp_to_training_D4_subj_1-4_and_1-2.2.fixed.mp4
Output file /scratch/back_up/reward_competition_extention/proc/predicted_frames/round_1/20230616_111904_standard_comp_to_training_D4_subj_1-4_and_1-2/20230616_111904_standard_comp_to_training_D4_subj_1-4_and_1-2.2.fixed.1_subj.round_1.predicted_frames.slp already exists, skipping...
Output file /scratch/back_up/reward_competition_extention/proc/predicted_frames/round_1/20230616_111904_standard_comp_to_training_D4_subj_1-4_and_1-2/20230616_111904_standard_comp_to_training_D4_subj_1-4_and_1-2.2.fixed.2_subj.round_1.predicted_frames.slp already exists, skipping...
Currently starting: /scratch/back_up/reward_competition_extention/proc/reencoded_videos/20230616_111904_standard_comp_to_training_D4_subj_2-1_and_2-2/20230616_111904_standard_comp_to_training_D4_subj_2-1_and_2-2.1.fixed.mp4
Output file /scratch/back_up/reward_competition_extention/proc/predicted_frames/round_1/20230616_111904_standard_comp_to_training_D4_subj_2-1_and_2-2/20230616_111904_standard_comp_to_training_D4_subj_2-1_and_2-2.1.fixed.1_subj.round_1.predicted_frames.slp already exists, skipping...
Output file /scratch/back_up/reward_competition_extention/proc/predicted_frames/round_1/20230616_111904_standard_comp_to_training_D4_subj_2-1_and_2-2/20230616_111904_standard_comp_to_training_D4_subj_2-1_and_2-2.1.fixed.2_subj.round_1.predicted_frames.slp already exists, skipping...
Currently starting: /scratch/back_up/reward_competition_extention/proc/reencoded_videos/20230616_111904_standard_comp_to_training_D4_subj_2-1_and_2-2/20230616_111904_standard_comp_to_training_D4_subj_2-1_and_2-2.2.fixed.mp4
Output file /scratch/back_up/reward_competition_extention/proc/predicted_frames/round_1/20230616_111904_standard_comp_to_training_D4_subj_2-1_and_2-2/20230616_111904_standard_comp_to_training_D4_subj_2-1_and_2-2.2.fixed.1_subj.round_1.predicted_frames.slp already exists, skipping...
Output file /scratch/back_up/reward_competition_extention/proc/predicted_frames/round_1/20230616_111904_standard_comp_to_training_D4_subj_2-1_and_2-2/20230616_111904_standard_comp_to_training_D4_subj_2-1_and_2-2.2.fixed.2_subj.round_1.predicted_frames.slp already exists, skipping...
Currently starting: /scratch/back_up/reward_competition_extention/proc/reencoded_videos/20230617_115521_standard_comp_to_omission_D1_subj_1-1_and_1-2/20230617_115521_standard_comp_to_omission_D1_subj_1-1_and_1-2.1.fixed.mp4
Output file /scratch/back_up/reward_competition_extention/proc/predicted_frames/round_1/20230617_115521_standard_comp_to_omission_D1_subj_1-1_and_1-2/20230617_115521_standard_comp_to_omission_D1_subj_1-1_and_1-2.1.fixed.1_subj.round_1.predicted_frames.slp already exists, skipping...
Output file /scratch/back_up/reward_competition_extention/proc/predicted_frames/round_1/20230617_115521_standard_comp_to_omission_D1_subj_1-1_and_1-2/20230617_115521_standard_comp_to_omission_D1_subj_1-1_and_1-2.1.fixed.2_subj.round_1.predicted_frames.slp already exists, skipping...
Currently starting: /scratch/back_up/reward_competition_extention/proc/reencoded_videos/20230617_115521_standard_comp_to_omission_D1_subj_1-1_and_1-2/20230617_115521_standard_comp_to_omission_D1_subj_1-1_and_1-2.2.fixed.mp4
Output file /scratch/back_up/reward_competition_extention/proc/predicted_frames/round_1/20230617_115521_standard_comp_to_omission_D1_subj_1-1_and_1-2/20230617_115521_standard_comp_to_omission_D1_subj_1-1_and_1-2.2.fixed.1_subj.round_1.predicted_frames.slp already exists, skipping...
Output file /scratch/back_up/reward_competition_extention/proc/predicted_frames/round_1/20230617_115521_standard_comp_to_omission_D1_subj_1-1_and_1-2/20230617_115521_standard_comp_to_omission_D1_subj_1-1_and_1-2.2.fixed.2_subj.round_1.predicted_frames.slp already exists, skipping...
Currently starting: /scratch/back_up/reward_competition_extention/proc/reencoded_videos/20230617_115521_standard_comp_to_omission_D1_subj_1-1_and_1-2/20230617_115521_standard_comp_to_omission_D1_subj_1-1_and_1-2.3.fixed.mp4
Output file /scratch/back_up/reward_competition_extention/proc/predicted_frames/round_1/20230617_115521_standard_comp_to_omission_D1_subj_1-1_and_1-2/20230617_115521_standard_comp_to_omission_D1_subj_1-1_and_1-2.3.fixed.1_subj.round_1.predicted_frames.slp already exists, skipping...
Output file /scratch/back_up/reward_competition_extention/proc/predicted_frames/round_1/20230617_115521_standard_comp_to_omission_D1_subj_1-1_and_1-2/20230617_115521_standard_comp_to_omission_D1_subj_1-1_and_1-2.3.fixed.2_subj.round_1.predicted_frames.slp already exists, skipping...
Currently starting: /scratch/back_up/reward_competition_extention/proc/reencoded_videos/20230617_115641_standard_comp_to_omission_D1_subj_2-2_and_2-4/20230617_115641_standard_comp_to_omission_D1_subj_2-2_and_2-4.1.fixed.mp4
Output file /scratch/back_up/reward_competition_extention/proc/predicted_frames/round_1/20230617_115641_standard_comp_to_omission_D1_subj_2-2_and_2-4/20230617_115641_standard_comp_to_omission_D1_subj_2-2_and_2-4.1.fixed.1_subj.round_1.predicted_frames.slp already exists, skipping...
Output file /scratch/back_up/reward_competition_extention/proc/predicted_frames/round_1/20230617_115641_standard_comp_to_omission_D1_subj_2-2_and_2-4/20230617_115641_standard_comp_to_omission_D1_subj_2-2_and_2-4.1.fixed.2_subj.round_1.predicted_frames.slp already exists, skipping...
Currently starting: /scratch/back_up/reward_competition_extention/proc/reencoded_videos/20230617_115641_standard_comp_to_omission_D1_subj_2-2_and_2-4/20230617_115641_standard_comp_to_omission_D1_subj_2-2_and_2-4.2.fixed.mp4
Output file /scratch/back_up/reward_competition_extention/proc/predicted_frames/round_1/20230617_115641_standard_comp_to_omission_D1_subj_2-2_and_2-4/20230617_115641_standard_comp_to_omission_D1_subj_2-2_and_2-4.2.fixed.1_subj.round_1.predicted_frames.slp already exists, skipping...
Output file /scratch/back_up/reward_competition_extention/proc/predicted_frames/round_1/20230617_115641_standard_comp_to_omission_D1_subj_2-2_and_2-4/20230617_115641_standard_comp_to_omission_D1_subj_2-2_and_2-4.2.fixed.2_subj.round_1.predicted_frames.slp already exists, skipping...
Currently starting: /scratch/back_up/reward_competition_extention/proc/reencoded_videos/20230617_115641_standard_comp_to_omission_D1_subj_2-2_and_2-4/20230617_115641_standard_comp_to_omission_D1_subj_2-2_and_2-4.3.fixed.mp4
Output file /scratch/back_up/reward_competition_extention/proc/predicted_frames/round_1/20230617_115641_standard_comp_to_omission_D1_subj_2-2_and_2-4/20230617_115641_standard_comp_to_omission_D1_subj_2-2_and_2-4.3.fixed.1_subj.round_1.predicted_frames.slp already exists, skipping...
Output file /scratch/back_up/reward_competition_extention/proc/predicted_frames/round_1/20230617_115641_standard_comp_to_omission_D1_subj_2-2_and_2-4/20230617_115641_standard_comp_to_omission_D1_subj_2-2_and_2-4.3.fixed.2_subj.round_1.predicted_frames.slp already exists, skipping...
Currently starting: /scratch/back_up/reward_competition_extention/proc/reencoded_videos/20230617_115641_standard_comp_to_omission_D1_subj_2-2_and_2-4/20230617_115641_standard_comp_to_omission_D1_subj_2-2_and_2-4.4.fixed.mp4
Output file /scratch/back_up/reward_competition_extention/proc/predicted_frames/round_1/20230617_115641_standard_comp_to_omission_D1_subj_2-2_and_2-4/20230617_115641_standard_comp_to_omission_D1_subj_2-2_and_2-4.4.fixed.1_subj.round_1.predicted_frames.slp already exists, skipping...
Output file /scratch/back_up/reward_competition_extention/proc/predicted_frames/round_1/20230617_115641_standard_comp_to_omission_D1_subj_2-2_and_2-4/20230617_115641_standard_comp_to_omission_D1_subj_2-2_and_2-4.4.fixed.2_subj.round_1.predicted_frames.slp already exists, skipping...
Currently starting: /scratch/back_up/reward_competition_extention/proc/reencoded_videos/20230618_100636_standard_comp_to_omission_D2_subj_1-4_and_1-1/20230618_100636_standard_comp_to_omission_D2_subj_1-4_and_1-1.1.fixed.mp4
Output file /scratch/back_up/reward_competition_extention/proc/predicted_frames/round_1/20230618_100636_standard_comp_to_omission_D2_subj_1-4_and_1-1/20230618_100636_standard_comp_to_omission_D2_subj_1-4_and_1-1.1.fixed.1_subj.round_1.predicted_frames.slp already exists, skipping...
Output file /scratch/back_up/reward_competition_extention/proc/predicted_frames/round_1/20230618_100636_standard_comp_to_omission_D2_subj_1-4_and_1-1/20230618_100636_standard_comp_to_omission_D2_subj_1-4_and_1-1.1.fixed.2_subj.round_1.predicted_frames.slp already exists, skipping...
Currently starting: /scratch/back_up/reward_competition_extention/proc/reencoded_videos/20230618_100636_standard_comp_to_omission_D2_subj_1-4_and_1-1/20230618_100636_standard_comp_to_omission_D2_subj_1-4_and_1-1.2.fixed.mp4
Output file /scratch/back_up/reward_competition_extention/proc/predicted_frames/round_1/20230618_100636_standard_comp_to_omission_D2_subj_1-4_and_1-1/20230618_100636_standard_comp_to_omission_D2_subj_1-4_and_1-1.2.fixed.1_subj.round_1.predicted_frames.slp already exists, skipping...
Output file /scratch/back_up/reward_competition_extention/proc/predicted_frames/round_1/20230618_100636_standard_comp_to_omission_D2_subj_1-4_and_1-1/20230618_100636_standard_comp_to_omission_D2_subj_1-4_and_1-1.2.fixed.2_subj.round_1.predicted_frames.slp already exists, skipping...
Currently starting: /scratch/back_up/reward_competition_extention/proc/reencoded_videos/20230618_100646_standard_comp_to_omission_D2_subj_2-4_and_2-1/20230618_100646_standard_comp_to_omission_D2_subj_2-4_and_2-1.1.fixed.mp4
Output file /scratch/back_up/reward_competition_extention/proc/predicted_frames/round_1/20230618_100646_standard_comp_to_omission_D2_subj_2-4_and_2-1/20230618_100646_standard_comp_to_omission_D2_subj_2-4_and_2-1.1.fixed.1_subj.round_1.predicted_frames.slp already exists, skipping...
Output file /scratch/back_up/reward_competition_extention/proc/predicted_frames/round_1/20230618_100646_standard_comp_to_omission_D2_subj_2-4_and_2-1/20230618_100646_standard_comp_to_omission_D2_subj_2-4_and_2-1.1.fixed.2_subj.round_1.predicted_frames.slp already exists, skipping...
Currently starting: /scratch/back_up/reward_competition_extention/proc/reencoded_videos/20230618_100646_standard_comp_to_omission_D2_subj_2-4_and_2-1/20230618_100646_standard_comp_to_omission_D2_subj_2-4_and_2-1.2.fixed.mp4
Output file /scratch/back_up/reward_competition_extention/proc/predicted_frames/round_1/20230618_100646_standard_comp_to_omission_D2_subj_2-4_and_2-1/20230618_100646_standard_comp_to_omission_D2_subj_2-4_and_2-1.2.fixed.1_subj.round_1.predicted_frames.slp already exists, skipping...
Processing /scratch/back_up/reward_competition_extention/proc/reencoded_videos/20230618_100646_standard_comp_to_omission_D2_subj_2-4_and_2-1/20230618_100646_standard_comp_to_omission_D2_subj_2-4_and_2-1.2.fixed.mp4...
Started inference at: 2023-08-13 17:58:52.905404
Args:
{
│   'data_path': '/scratch/back_up/reward_competition_extention/proc/reencoded_videos/20230618_100646_standard_comp_to_omission_D2_subj_2-4_and_2-1/20230618_100646_standard_comp_to_omission_D2_subj_2-4_and_2-1.2.fixed.mp4',
│   'models': [
│   │   '/nancy/projects/reward_competition_extention/results/2023_06_15_sleap_preprocessing/models/round_1_baseline_medium_rf.bottomup'
│   ],
│   'frames': '',
│   'only_labeled_frames': False,
│   'only_suggested_frames': False,
│   'output': '/scratch/back_up/reward_competition_extention/proc/predicted_frames/round_1/20230618_100646_standard_comp_to_omission_D2_subj_2-4_and_2-1/20230618_100646_standard_comp_to_omission_D2_subj_2-4_and_2-1.2.fixed.2_subj.round_1.predicted_frames.slp',
│   'no_empty_frames': False,
│   'verbosity': 'rich',
│   'video.dataset': None,
│   'video.input_format': 'channels_last',
│   'video.index': '',
│   'cpu': False,
│   'first_gpu': False,
│   'last_gpu': False,
│   'gpu': 'auto',
│   'max_edge_length_ratio': 0.25,
│   'dist_penalty_weight': 1.0,
│   'batch_size': 1,
│   'open_in_gui': False,
│   'peak_threshold': 0.2,
│   'tracking.tracker': 'flow',
│   'tracking.target_instance_count': 2,
│   'tracking.pre_cull_to_target': None,
│   'tracking.pre_cull_iou_threshold': None,
│   'tracking.post_connect_single_breaks': None,
│   'tracking.clean_instance_count': 2,
│   'tracking.clean_iou_threshold': None,
│   'tracking.similarity': 'iou',
│   'tracking.match': 'greedy',
│   'tracking.robust': None,
│   'tracking.track_window': None,
│   'tracking.min_new_track_points': None,
│   'tracking.min_match_points': None,
│   'tracking.img_scale': None,
│   'tracking.of_window_size': None,
│   'tracking.of_max_levels': None,
│   'tracking.save_shifted_instances': None,
│   'tracking.kf_node_indices': None,
│   'tracking.kf_init_frame_count': None
}

INFO:sleap.nn.inference:Auto-selected GPU 0 with 10998 MiB of free memory.
