Currently working on: /nancy/projects/reward_competition_extention/data/2023_06_12/20230612_101430_standard_comp_to_training_D1_subj_1-4_and_1-3.rec/20230612_101430_standard_comp_to_training_D1_subj_1-4_and_1-3.1.h264
Directory: /nancy/projects/reward_competition_extention/data/2023_06_12/20230612_101430_standard_comp_to_training_D1_subj_1-4_and_1-3.rec
File Name: 20230612_101430_standard_comp_to_training_D1_subj_1-4_and_1-3.1.h264
Base Name: 20230612_101430_standard_comp_to_training_D1_subj_1-4_and_1-3.1
Converting h264 to mp4
Reencoding mp4
Currently working on: /nancy/projects/reward_competition_extention/data/2023_06_12/20230612_101430_standard_comp_to_training_D1_subj_1-4_and_1-3.rec/20230612_101430_standard_comp_to_training_D1_subj_1-4_and_1-3.2.h264
Directory: /nancy/projects/reward_competition_extention/data/2023_06_12/20230612_101430_standard_comp_to_training_D1_subj_1-4_and_1-3.rec
File Name: 20230612_101430_standard_comp_to_training_D1_subj_1-4_and_1-3.2.h264
Base Name: 20230612_101430_standard_comp_to_training_D1_subj_1-4_and_1-3.2
Converting h264 to mp4
Reencoding mp4
Currently working on: /nancy/projects/reward_competition_extention/data/2023_06_12/20230612_112630_standard_comp_to_training_D1_subj_1-2_and_1-1.rec/20230612_112630_standard_comp_to_training_D1_subj_1-2_and_1-1.1.h264
Directory: /nancy/projects/reward_competition_extention/data/2023_06_12/20230612_112630_standard_comp_to_training_D1_subj_1-2_and_1-1.rec
File Name: 20230612_112630_standard_comp_to_training_D1_subj_1-2_and_1-1.1.h264
Base Name: 20230612_112630_standard_comp_to_training_D1_subj_1-2_and_1-1.1
Converting h264 to mp4
Reencoding mp4
Currently working on: /nancy/projects/reward_competition_extention/data/2023_06_12/20230612_112630_standard_comp_to_training_D1_subj_1-2_and_1-1.rec/20230612_112630_standard_comp_to_training_D1_subj_1-2_and_1-1.2.h264
Directory: /nancy/projects/reward_competition_extention/data/2023_06_12/20230612_112630_standard_comp_to_training_D1_subj_1-2_and_1-1.rec
File Name: 20230612_112630_standard_comp_to_training_D1_subj_1-2_and_1-1.2.h264
Base Name: 20230612_112630_standard_comp_to_training_D1_subj_1-2_and_1-1.2
Converting h264 to mp4
Reencoding mp4
All Done!
