Currently starting: /scratch/back_up/reward_competition_extention/data/both_rewarded/2023_06_22/20230622_110832_standard_comp_to_both_rewarded_D1_subj_1-1_and_1-2.rec/20230622_110832_standard_comp_to_both_rewarded_D1_subj_1-1_and_1-2.1.h264
Currently working on: /scratch/back_up/reward_competition_extention/data/both_rewarded/2023_06_22/20230622_110832_standard_comp_to_both_rewarded_D1_subj_1-1_and_1-2.rec/20230622_110832_standard_comp_to_both_rewarded_D1_subj_1-1_and_1-2.1.h264
Processing /scratch/back_up/reward_competition_extention/data/both_rewarded/2023_06_22/20230622_110832_standard_comp_to_both_rewarded_D1_subj_1-1_and_1-2.rec/20230622_110832_standard_comp_to_both_rewarded_D1_subj_1-1_and_1-2.1.h264...
Converting h264 to mp4
Currently working on: /scratch/back_up/reward_competition_extention/proc/reencoded_videos/20230622_110832_standard_comp_to_both_rewarded_D1_subj_1-1_and_1-2/20230622_110832_standard_comp_to_both_rewarded_D1_subj_1-1_and_1-2.1.original.mp4
Processing /scratch/back_up/reward_competition_extention/proc/reencoded_videos/20230622_110832_standard_comp_to_both_rewarded_D1_subj_1-1_and_1-2/20230622_110832_standard_comp_to_both_rewarded_D1_subj_1-1_and_1-2.1.original.mp4...
Reencoding mp4
Currently starting: /scratch/back_up/reward_competition_extention/data/both_rewarded/2023_06_22/20230622_111445_standard_comp_to_alone_D1_subj_2-4_and_2-2.rec/20230622_111445_standard_comp_to_alone_D1_subj_2-4_and_2-2.1.h264
Currently working on: /scratch/back_up/reward_competition_extention/data/both_rewarded/2023_06_22/20230622_111445_standard_comp_to_alone_D1_subj_2-4_and_2-2.rec/20230622_111445_standard_comp_to_alone_D1_subj_2-4_and_2-2.1.h264
Processing /scratch/back_up/reward_competition_extention/data/both_rewarded/2023_06_22/20230622_111445_standard_comp_to_alone_D1_subj_2-4_and_2-2.rec/20230622_111445_standard_comp_to_alone_D1_subj_2-4_and_2-2.1.h264...
Converting h264 to mp4
Currently working on: /scratch/back_up/reward_competition_extention/proc/reencoded_videos/20230622_111445_standard_comp_to_alone_D1_subj_2-4_and_2-2/20230622_111445_standard_comp_to_alone_D1_subj_2-4_and_2-2.1.original.mp4
Processing /scratch/back_up/reward_competition_extention/proc/reencoded_videos/20230622_111445_standard_comp_to_alone_D1_subj_2-4_and_2-2/20230622_111445_standard_comp_to_alone_D1_subj_2-4_and_2-2.1.original.mp4...
Reencoding mp4
Currently starting: /scratch/back_up/reward_competition_extention/data/both_rewarded/2023_06_22/20230622_111445_standard_comp_to_alone_D1_subj_2-4_and_2-2.rec/20230622_111445_standard_comp_to_alone_D1_subj_2-4_and_2-2.2.h264
Currently working on: /scratch/back_up/reward_competition_extention/data/both_rewarded/2023_06_22/20230622_111445_standard_comp_to_alone_D1_subj_2-4_and_2-2.rec/20230622_111445_standard_comp_to_alone_D1_subj_2-4_and_2-2.2.h264
Processing /scratch/back_up/reward_competition_extention/data/both_rewarded/2023_06_22/20230622_111445_standard_comp_to_alone_D1_subj_2-4_and_2-2.rec/20230622_111445_standard_comp_to_alone_D1_subj_2-4_and_2-2.2.h264...
Converting h264 to mp4
Currently working on: /scratch/back_up/reward_competition_extention/proc/reencoded_videos/20230622_111445_standard_comp_to_alone_D1_subj_2-4_and_2-2/20230622_111445_standard_comp_to_alone_D1_subj_2-4_and_2-2.2.original.mp4
Processing /scratch/back_up/reward_competition_extention/proc/reencoded_videos/20230622_111445_standard_comp_to_alone_D1_subj_2-4_and_2-2/20230622_111445_standard_comp_to_alone_D1_subj_2-4_and_2-2.2.original.mp4...
Reencoding mp4
Currently starting: /scratch/back_up/reward_competition_extention/data/both_rewarded/2023_06_22/20230622_111445_standard_comp_to_alone_D1_subj_2-4_and_2-2.rec/20230622_111445_standard_comp_to_alone_D1_subj_2-4_and_2-2.3.h264
Currently working on: /scratch/back_up/reward_competition_extention/data/both_rewarded/2023_06_22/20230622_111445_standard_comp_to_alone_D1_subj_2-4_and_2-2.rec/20230622_111445_standard_comp_to_alone_D1_subj_2-4_and_2-2.3.h264
Processing /scratch/back_up/reward_competition_extention/data/both_rewarded/2023_06_22/20230622_111445_standard_comp_to_alone_D1_subj_2-4_and_2-2.rec/20230622_111445_standard_comp_to_alone_D1_subj_2-4_and_2-2.3.h264...
Converting h264 to mp4
Currently working on: /scratch/back_up/reward_competition_extention/proc/reencoded_videos/20230622_111445_standard_comp_to_alone_D1_subj_2-4_and_2-2/20230622_111445_standard_comp_to_alone_D1_subj_2-4_and_2-2.3.original.mp4
Processing /scratch/back_up/reward_competition_extention/proc/reencoded_videos/20230622_111445_standard_comp_to_alone_D1_subj_2-4_and_2-2/20230622_111445_standard_comp_to_alone_D1_subj_2-4_and_2-2.3.original.mp4...
Reencoding mp4
Currently starting: /scratch/back_up/reward_competition_extention/data/both_rewarded/2023_06_22/20230622_111445_standard_comp_to_alone_D1_subj_2-4_and_2-2.rec/20230622_111445_standard_comp_to_alone_D1_subj_2-4_and_2-2.4.h264
Currently working on: /scratch/back_up/reward_competition_extention/data/both_rewarded/2023_06_22/20230622_111445_standard_comp_to_alone_D1_subj_2-4_and_2-2.rec/20230622_111445_standard_comp_to_alone_D1_subj_2-4_and_2-2.4.h264
Processing /scratch/back_up/reward_competition_extention/data/both_rewarded/2023_06_22/20230622_111445_standard_comp_to_alone_D1_subj_2-4_and_2-2.rec/20230622_111445_standard_comp_to_alone_D1_subj_2-4_and_2-2.4.h264...
Converting h264 to mp4
Currently working on: /scratch/back_up/reward_competition_extention/proc/reencoded_videos/20230622_111445_standard_comp_to_alone_D1_subj_2-4_and_2-2/20230622_111445_standard_comp_to_alone_D1_subj_2-4_and_2-2.4.original.mp4
Processing /scratch/back_up/reward_competition_extention/proc/reencoded_videos/20230622_111445_standard_comp_to_alone_D1_subj_2-4_and_2-2/20230622_111445_standard_comp_to_alone_D1_subj_2-4_and_2-2.4.original.mp4...
Reencoding mp4
Currently starting: /scratch/back_up/reward_competition_extention/data/both_rewarded/2023_06_23/20230623_114932_standard_comp_to_both_rewarded_D2_subj_1-4_and_1-1.rec/20230623_114932_standard_comp_to_both_rewarded_D2_subj_1-4_and_1-1.1.h264
Currently working on: /scratch/back_up/reward_competition_extention/data/both_rewarded/2023_06_23/20230623_114932_standard_comp_to_both_rewarded_D2_subj_1-4_and_1-1.rec/20230623_114932_standard_comp_to_both_rewarded_D2_subj_1-4_and_1-1.1.h264
Processing /scratch/back_up/reward_competition_extention/data/both_rewarded/2023_06_23/20230623_114932_standard_comp_to_both_rewarded_D2_subj_1-4_and_1-1.rec/20230623_114932_standard_comp_to_both_rewarded_D2_subj_1-4_and_1-1.1.h264...
Converting h264 to mp4
Currently working on: /scratch/back_up/reward_competition_extention/proc/reencoded_videos/20230623_114932_standard_comp_to_both_rewarded_D2_subj_1-4_and_1-1/20230623_114932_standard_comp_to_both_rewarded_D2_subj_1-4_and_1-1.1.original.mp4
Processing /scratch/back_up/reward_competition_extention/proc/reencoded_videos/20230623_114932_standard_comp_to_both_rewarded_D2_subj_1-4_and_1-1/20230623_114932_standard_comp_to_both_rewarded_D2_subj_1-4_and_1-1.1.original.mp4...
Reencoding mp4
Currently starting: /scratch/back_up/reward_competition_extention/data/both_rewarded/2023_06_23/20230623_114932_standard_comp_to_both_rewarded_D2_subj_1-4_and_1-1.rec/20230623_114932_standard_comp_to_both_rewarded_D2_subj_1-4_and_1-1.2.h264
Currently working on: /scratch/back_up/reward_competition_extention/data/both_rewarded/2023_06_23/20230623_114932_standard_comp_to_both_rewarded_D2_subj_1-4_and_1-1.rec/20230623_114932_standard_comp_to_both_rewarded_D2_subj_1-4_and_1-1.2.h264
Processing /scratch/back_up/reward_competition_extention/data/both_rewarded/2023_06_23/20230623_114932_standard_comp_to_both_rewarded_D2_subj_1-4_and_1-1.rec/20230623_114932_standard_comp_to_both_rewarded_D2_subj_1-4_and_1-1.2.h264...
Converting h264 to mp4
Currently working on: /scratch/back_up/reward_competition_extention/proc/reencoded_videos/20230623_114932_standard_comp_to_both_rewarded_D2_subj_1-4_and_1-1/20230623_114932_standard_comp_to_both_rewarded_D2_subj_1-4_and_1-1.2.original.mp4
Processing /scratch/back_up/reward_competition_extention/proc/reencoded_videos/20230623_114932_standard_comp_to_both_rewarded_D2_subj_1-4_and_1-1/20230623_114932_standard_comp_to_both_rewarded_D2_subj_1-4_and_1-1.2.original.mp4...
Reencoding mp4
Currently starting: /scratch/back_up/reward_competition_extention/data/both_rewarded/2023_06_23/20230623_115501_standard_comp_to_alone_D2_subj_2-1_and_2-4.rec/20230623_115501_standard_comp_to_alone_D2_subj_2-1_and_2-4.1.h264
Currently working on: /scratch/back_up/reward_competition_extention/data/both_rewarded/2023_06_23/20230623_115501_standard_comp_to_alone_D2_subj_2-1_and_2-4.rec/20230623_115501_standard_comp_to_alone_D2_subj_2-1_and_2-4.1.h264
Processing /scratch/back_up/reward_competition_extention/data/both_rewarded/2023_06_23/20230623_115501_standard_comp_to_alone_D2_subj_2-1_and_2-4.rec/20230623_115501_standard_comp_to_alone_D2_subj_2-1_and_2-4.1.h264...
Converting h264 to mp4
Currently working on: /scratch/back_up/reward_competition_extention/proc/reencoded_videos/20230623_115501_standard_comp_to_alone_D2_subj_2-1_and_2-4/20230623_115501_standard_comp_to_alone_D2_subj_2-1_and_2-4.1.original.mp4
Processing /scratch/back_up/reward_competition_extention/proc/reencoded_videos/20230623_115501_standard_comp_to_alone_D2_subj_2-1_and_2-4/20230623_115501_standard_comp_to_alone_D2_subj_2-1_and_2-4.1.original.mp4...
Reencoding mp4
Currently starting: /scratch/back_up/reward_competition_extention/data/both_rewarded/2023_06_23/20230623_115501_standard_comp_to_alone_D2_subj_2-1_and_2-4.rec/20230623_115501_standard_comp_to_alone_D2_subj_2-1_and_2-4.2.h264
Currently working on: /scratch/back_up/reward_competition_extention/data/both_rewarded/2023_06_23/20230623_115501_standard_comp_to_alone_D2_subj_2-1_and_2-4.rec/20230623_115501_standard_comp_to_alone_D2_subj_2-1_and_2-4.2.h264
Processing /scratch/back_up/reward_competition_extention/data/both_rewarded/2023_06_23/20230623_115501_standard_comp_to_alone_D2_subj_2-1_and_2-4.rec/20230623_115501_standard_comp_to_alone_D2_subj_2-1_and_2-4.2.h264...
Converting h264 to mp4
Currently working on: /scratch/back_up/reward_competition_extention/proc/reencoded_videos/20230623_115501_standard_comp_to_alone_D2_subj_2-1_and_2-4/20230623_115501_standard_comp_to_alone_D2_subj_2-1_and_2-4.2.original.mp4
Processing /scratch/back_up/reward_competition_extention/proc/reencoded_videos/20230623_115501_standard_comp_to_alone_D2_subj_2-1_and_2-4/20230623_115501_standard_comp_to_alone_D2_subj_2-1_and_2-4.2.original.mp4...
Reencoding mp4
Currently starting: /scratch/back_up/reward_competition_extention/data/both_rewarded/2023_06_23/20230623_115501_standard_comp_to_alone_D2_subj_2-1_and_2-4.rec/20230623_115501_standard_comp_to_alone_D2_subj_2-1_and_2-4.3.h264
Currently working on: /scratch/back_up/reward_competition_extention/data/both_rewarded/2023_06_23/20230623_115501_standard_comp_to_alone_D2_subj_2-1_and_2-4.rec/20230623_115501_standard_comp_to_alone_D2_subj_2-1_and_2-4.3.h264
Processing /scratch/back_up/reward_competition_extention/data/both_rewarded/2023_06_23/20230623_115501_standard_comp_to_alone_D2_subj_2-1_and_2-4.rec/20230623_115501_standard_comp_to_alone_D2_subj_2-1_and_2-4.3.h264...
Converting h264 to mp4
Currently working on: /scratch/back_up/reward_competition_extention/proc/reencoded_videos/20230623_115501_standard_comp_to_alone_D2_subj_2-1_and_2-4/20230623_115501_standard_comp_to_alone_D2_subj_2-1_and_2-4.3.original.mp4
Processing /scratch/back_up/reward_competition_extention/proc/reencoded_videos/20230623_115501_standard_comp_to_alone_D2_subj_2-1_and_2-4/20230623_115501_standard_comp_to_alone_D2_subj_2-1_and_2-4.3.original.mp4...
Reencoding mp4
Currently starting: /scratch/back_up/reward_competition_extention/data/both_rewarded/2023_06_24/20230624_105855_standard_comp_to_both_rewarded_D3_subj_1-2_and_1-4.rec/20230624_105855_standard_comp_to_both_rewarded_D3_subj_1-2_and_1-4.1.h264
Currently working on: /scratch/back_up/reward_competition_extention/data/both_rewarded/2023_06_24/20230624_105855_standard_comp_to_both_rewarded_D3_subj_1-2_and_1-4.rec/20230624_105855_standard_comp_to_both_rewarded_D3_subj_1-2_and_1-4.1.h264
Processing /scratch/back_up/reward_competition_extention/data/both_rewarded/2023_06_24/20230624_105855_standard_comp_to_both_rewarded_D3_subj_1-2_and_1-4.rec/20230624_105855_standard_comp_to_both_rewarded_D3_subj_1-2_and_1-4.1.h264...
Converting h264 to mp4
Currently working on: /scratch/back_up/reward_competition_extention/proc/reencoded_videos/20230624_105855_standard_comp_to_both_rewarded_D3_subj_1-2_and_1-4/20230624_105855_standard_comp_to_both_rewarded_D3_subj_1-2_and_1-4.1.original.mp4
Processing /scratch/back_up/reward_competition_extention/proc/reencoded_videos/20230624_105855_standard_comp_to_both_rewarded_D3_subj_1-2_and_1-4/20230624_105855_standard_comp_to_both_rewarded_D3_subj_1-2_and_1-4.1.original.mp4...
Reencoding mp4
Currently starting: /scratch/back_up/reward_competition_extention/data/both_rewarded/2023_06_24/20230624_110052_standard_comp_to_alone_D3_subj_2-2_and_2-1.rec/20230624_110052_standard_comp_to_alone_D3_subj_2-2_and_2-1.1.h264
Currently working on: /scratch/back_up/reward_competition_extention/data/both_rewarded/2023_06_24/20230624_110052_standard_comp_to_alone_D3_subj_2-2_and_2-1.rec/20230624_110052_standard_comp_to_alone_D3_subj_2-2_and_2-1.1.h264
Processing /scratch/back_up/reward_competition_extention/data/both_rewarded/2023_06_24/20230624_110052_standard_comp_to_alone_D3_subj_2-2_and_2-1.rec/20230624_110052_standard_comp_to_alone_D3_subj_2-2_and_2-1.1.h264...
Converting h264 to mp4
Currently working on: /scratch/back_up/reward_competition_extention/proc/reencoded_videos/20230624_110052_standard_comp_to_alone_D3_subj_2-2_and_2-1/20230624_110052_standard_comp_to_alone_D3_subj_2-2_and_2-1.1.original.mp4
Processing /scratch/back_up/reward_competition_extention/proc/reencoded_videos/20230624_110052_standard_comp_to_alone_D3_subj_2-2_and_2-1/20230624_110052_standard_comp_to_alone_D3_subj_2-2_and_2-1.1.original.mp4...
Reencoding mp4
Currently starting: /scratch/back_up/reward_competition_extention/data/both_rewarded/2023_06_24/20230624_110052_standard_comp_to_alone_D3_subj_2-2_and_2-1.rec/20230624_110052_standard_comp_to_alone_D3_subj_2-2_and_2-1.2.h264
Currently working on: /scratch/back_up/reward_competition_extention/data/both_rewarded/2023_06_24/20230624_110052_standard_comp_to_alone_D3_subj_2-2_and_2-1.rec/20230624_110052_standard_comp_to_alone_D3_subj_2-2_and_2-1.2.h264
Processing /scratch/back_up/reward_competition_extention/data/both_rewarded/2023_06_24/20230624_110052_standard_comp_to_alone_D3_subj_2-2_and_2-1.rec/20230624_110052_standard_comp_to_alone_D3_subj_2-2_and_2-1.2.h264...
Converting h264 to mp4
Currently working on: /scratch/back_up/reward_competition_extention/proc/reencoded_videos/20230624_110052_standard_comp_to_alone_D3_subj_2-2_and_2-1/20230624_110052_standard_comp_to_alone_D3_subj_2-2_and_2-1.2.original.mp4
Processing /scratch/back_up/reward_competition_extention/proc/reencoded_videos/20230624_110052_standard_comp_to_alone_D3_subj_2-2_and_2-1/20230624_110052_standard_comp_to_alone_D3_subj_2-2_and_2-1.2.original.mp4...
Reencoding mp4
Currently starting: /scratch/back_up/reward_competition_extention/data/both_rewarded/2023_06_25/20230625_112913_standard_comp_to_both_rewarded_D4_subj_1-1_and_1-4.rec/20230625_112913_standard_comp_to_both_rewarded_D4_subj_1-1_and_1-4.1.h264
Currently working on: /scratch/back_up/reward_competition_extention/data/both_rewarded/2023_06_25/20230625_112913_standard_comp_to_both_rewarded_D4_subj_1-1_and_1-4.rec/20230625_112913_standard_comp_to_both_rewarded_D4_subj_1-1_and_1-4.1.h264
Processing /scratch/back_up/reward_competition_extention/data/both_rewarded/2023_06_25/20230625_112913_standard_comp_to_both_rewarded_D4_subj_1-1_and_1-4.rec/20230625_112913_standard_comp_to_both_rewarded_D4_subj_1-1_and_1-4.1.h264...
Converting h264 to mp4
Currently working on: /scratch/back_up/reward_competition_extention/proc/reencoded_videos/20230625_112913_standard_comp_to_both_rewarded_D4_subj_1-1_and_1-4/20230625_112913_standard_comp_to_both_rewarded_D4_subj_1-1_and_1-4.1.original.mp4
Processing /scratch/back_up/reward_competition_extention/proc/reencoded_videos/20230625_112913_standard_comp_to_both_rewarded_D4_subj_1-1_and_1-4/20230625_112913_standard_comp_to_both_rewarded_D4_subj_1-1_and_1-4.1.original.mp4...
Reencoding mp4
Currently starting: /scratch/back_up/reward_competition_extention/data/omission/2023_06_17/20230617_115521_standard_comp_to_omission_D1_subj_1-1_and_1-2.rec/20230617_115521_standard_comp_to_omission_D1_subj_1-1_and_1-2.1.h264
Currently working on: /scratch/back_up/reward_competition_extention/data/omission/2023_06_17/20230617_115521_standard_comp_to_omission_D1_subj_1-1_and_1-2.rec/20230617_115521_standard_comp_to_omission_D1_subj_1-1_and_1-2.1.h264
Processing /scratch/back_up/reward_competition_extention/data/omission/2023_06_17/20230617_115521_standard_comp_to_omission_D1_subj_1-1_and_1-2.rec/20230617_115521_standard_comp_to_omission_D1_subj_1-1_and_1-2.1.h264...
Converting h264 to mp4
Currently working on: /scratch/back_up/reward_competition_extention/proc/reencoded_videos/20230617_115521_standard_comp_to_omission_D1_subj_1-1_and_1-2/20230617_115521_standard_comp_to_omission_D1_subj_1-1_and_1-2.1.original.mp4
Processing /scratch/back_up/reward_competition_extention/proc/reencoded_videos/20230617_115521_standard_comp_to_omission_D1_subj_1-1_and_1-2/20230617_115521_standard_comp_to_omission_D1_subj_1-1_and_1-2.1.original.mp4...
Reencoding mp4
Currently starting: /scratch/back_up/reward_competition_extention/data/omission/2023_06_17/20230617_115521_standard_comp_to_omission_D1_subj_1-1_and_1-2.rec/20230617_115521_standard_comp_to_omission_D1_subj_1-1_and_1-2.2.h264
Currently working on: /scratch/back_up/reward_competition_extention/data/omission/2023_06_17/20230617_115521_standard_comp_to_omission_D1_subj_1-1_and_1-2.rec/20230617_115521_standard_comp_to_omission_D1_subj_1-1_and_1-2.2.h264
Processing /scratch/back_up/reward_competition_extention/data/omission/2023_06_17/20230617_115521_standard_comp_to_omission_D1_subj_1-1_and_1-2.rec/20230617_115521_standard_comp_to_omission_D1_subj_1-1_and_1-2.2.h264...
Converting h264 to mp4
Currently working on: /scratch/back_up/reward_competition_extention/proc/reencoded_videos/20230617_115521_standard_comp_to_omission_D1_subj_1-1_and_1-2/20230617_115521_standard_comp_to_omission_D1_subj_1-1_and_1-2.2.original.mp4
Processing /scratch/back_up/reward_competition_extention/proc/reencoded_videos/20230617_115521_standard_comp_to_omission_D1_subj_1-1_and_1-2/20230617_115521_standard_comp_to_omission_D1_subj_1-1_and_1-2.2.original.mp4...
Reencoding mp4
Currently starting: /scratch/back_up/reward_competition_extention/data/omission/2023_06_17/20230617_115521_standard_comp_to_omission_D1_subj_1-1_and_1-2.rec/20230617_115521_standard_comp_to_omission_D1_subj_1-1_and_1-2.3.h264
Currently working on: /scratch/back_up/reward_competition_extention/data/omission/2023_06_17/20230617_115521_standard_comp_to_omission_D1_subj_1-1_and_1-2.rec/20230617_115521_standard_comp_to_omission_D1_subj_1-1_and_1-2.3.h264
Processing /scratch/back_up/reward_competition_extention/data/omission/2023_06_17/20230617_115521_standard_comp_to_omission_D1_subj_1-1_and_1-2.rec/20230617_115521_standard_comp_to_omission_D1_subj_1-1_and_1-2.3.h264...
Converting h264 to mp4
Currently working on: /scratch/back_up/reward_competition_extention/proc/reencoded_videos/20230617_115521_standard_comp_to_omission_D1_subj_1-1_and_1-2/20230617_115521_standard_comp_to_omission_D1_subj_1-1_and_1-2.3.original.mp4
Processing /scratch/back_up/reward_competition_extention/proc/reencoded_videos/20230617_115521_standard_comp_to_omission_D1_subj_1-1_and_1-2/20230617_115521_standard_comp_to_omission_D1_subj_1-1_and_1-2.3.original.mp4...
Reencoding mp4
Currently starting: /scratch/back_up/reward_competition_extention/data/omission/2023_06_17/20230617_115641_standard_comp_to_omission_D1_subj_2-2_and_2-4.rec/20230617_115641_standard_comp_to_omission_D1_subj_2-2_and_2-4.1.h264
Currently working on: /scratch/back_up/reward_competition_extention/data/omission/2023_06_17/20230617_115641_standard_comp_to_omission_D1_subj_2-2_and_2-4.rec/20230617_115641_standard_comp_to_omission_D1_subj_2-2_and_2-4.1.h264
Processing /scratch/back_up/reward_competition_extention/data/omission/2023_06_17/20230617_115641_standard_comp_to_omission_D1_subj_2-2_and_2-4.rec/20230617_115641_standard_comp_to_omission_D1_subj_2-2_and_2-4.1.h264...
Converting h264 to mp4
Currently working on: /scratch/back_up/reward_competition_extention/proc/reencoded_videos/20230617_115641_standard_comp_to_omission_D1_subj_2-2_and_2-4/20230617_115641_standard_comp_to_omission_D1_subj_2-2_and_2-4.1.original.mp4
Processing /scratch/back_up/reward_competition_extention/proc/reencoded_videos/20230617_115641_standard_comp_to_omission_D1_subj_2-2_and_2-4/20230617_115641_standard_comp_to_omission_D1_subj_2-2_and_2-4.1.original.mp4...
Reencoding mp4
Currently starting: /scratch/back_up/reward_competition_extention/data/omission/2023_06_17/20230617_115641_standard_comp_to_omission_D1_subj_2-2_and_2-4.rec/20230617_115641_standard_comp_to_omission_D1_subj_2-2_and_2-4.2.h264
Currently working on: /scratch/back_up/reward_competition_extention/data/omission/2023_06_17/20230617_115641_standard_comp_to_omission_D1_subj_2-2_and_2-4.rec/20230617_115641_standard_comp_to_omission_D1_subj_2-2_and_2-4.2.h264
Processing /scratch/back_up/reward_competition_extention/data/omission/2023_06_17/20230617_115641_standard_comp_to_omission_D1_subj_2-2_and_2-4.rec/20230617_115641_standard_comp_to_omission_D1_subj_2-2_and_2-4.2.h264...
Converting h264 to mp4
Currently working on: /scratch/back_up/reward_competition_extention/proc/reencoded_videos/20230617_115641_standard_comp_to_omission_D1_subj_2-2_and_2-4/20230617_115641_standard_comp_to_omission_D1_subj_2-2_and_2-4.2.original.mp4
Processing /scratch/back_up/reward_competition_extention/proc/reencoded_videos/20230617_115641_standard_comp_to_omission_D1_subj_2-2_and_2-4/20230617_115641_standard_comp_to_omission_D1_subj_2-2_and_2-4.2.original.mp4...
Reencoding mp4
Currently starting: /scratch/back_up/reward_competition_extention/data/omission/2023_06_17/20230617_115641_standard_comp_to_omission_D1_subj_2-2_and_2-4.rec/20230617_115641_standard_comp_to_omission_D1_subj_2-2_and_2-4.3.h264
Currently working on: /scratch/back_up/reward_competition_extention/data/omission/2023_06_17/20230617_115641_standard_comp_to_omission_D1_subj_2-2_and_2-4.rec/20230617_115641_standard_comp_to_omission_D1_subj_2-2_and_2-4.3.h264
Processing /scratch/back_up/reward_competition_extention/data/omission/2023_06_17/20230617_115641_standard_comp_to_omission_D1_subj_2-2_and_2-4.rec/20230617_115641_standard_comp_to_omission_D1_subj_2-2_and_2-4.3.h264...
Converting h264 to mp4
Currently working on: /scratch/back_up/reward_competition_extention/proc/reencoded_videos/20230617_115641_standard_comp_to_omission_D1_subj_2-2_and_2-4/20230617_115641_standard_comp_to_omission_D1_subj_2-2_and_2-4.3.original.mp4
Processing /scratch/back_up/reward_competition_extention/proc/reencoded_videos/20230617_115641_standard_comp_to_omission_D1_subj_2-2_and_2-4/20230617_115641_standard_comp_to_omission_D1_subj_2-2_and_2-4.3.original.mp4...
Reencoding mp4
Currently starting: /scratch/back_up/reward_competition_extention/data/omission/2023_06_17/20230617_115641_standard_comp_to_omission_D1_subj_2-2_and_2-4.rec/20230617_115641_standard_comp_to_omission_D1_subj_2-2_and_2-4.4.h264
Currently working on: /scratch/back_up/reward_competition_extention/data/omission/2023_06_17/20230617_115641_standard_comp_to_omission_D1_subj_2-2_and_2-4.rec/20230617_115641_standard_comp_to_omission_D1_subj_2-2_and_2-4.4.h264
Processing /scratch/back_up/reward_competition_extention/data/omission/2023_06_17/20230617_115641_standard_comp_to_omission_D1_subj_2-2_and_2-4.rec/20230617_115641_standard_comp_to_omission_D1_subj_2-2_and_2-4.4.h264...
Converting h264 to mp4
Currently working on: /scratch/back_up/reward_competition_extention/proc/reencoded_videos/20230617_115641_standard_comp_to_omission_D1_subj_2-2_and_2-4/20230617_115641_standard_comp_to_omission_D1_subj_2-2_and_2-4.4.original.mp4
Processing /scratch/back_up/reward_competition_extention/proc/reencoded_videos/20230617_115641_standard_comp_to_omission_D1_subj_2-2_and_2-4/20230617_115641_standard_comp_to_omission_D1_subj_2-2_and_2-4.4.original.mp4...
Reencoding mp4
Currently starting: /scratch/back_up/reward_competition_extention/data/omission/2023_06_18/20230618_100636_standard_comp_to_omission_D2_subj_1-4_and_1-1.rec/20230618_100636_standard_comp_to_omission_D2_subj_1-4_and_1-1.1.h264
Currently working on: /scratch/back_up/reward_competition_extention/data/omission/2023_06_18/20230618_100636_standard_comp_to_omission_D2_subj_1-4_and_1-1.rec/20230618_100636_standard_comp_to_omission_D2_subj_1-4_and_1-1.1.h264
Processing /scratch/back_up/reward_competition_extention/data/omission/2023_06_18/20230618_100636_standard_comp_to_omission_D2_subj_1-4_and_1-1.rec/20230618_100636_standard_comp_to_omission_D2_subj_1-4_and_1-1.1.h264...
Converting h264 to mp4
Currently working on: /scratch/back_up/reward_competition_extention/proc/reencoded_videos/20230618_100636_standard_comp_to_omission_D2_subj_1-4_and_1-1/20230618_100636_standard_comp_to_omission_D2_subj_1-4_and_1-1.1.original.mp4
Processing /scratch/back_up/reward_competition_extention/proc/reencoded_videos/20230618_100636_standard_comp_to_omission_D2_subj_1-4_and_1-1/20230618_100636_standard_comp_to_omission_D2_subj_1-4_and_1-1.1.original.mp4...
Reencoding mp4
Currently starting: /scratch/back_up/reward_competition_extention/data/omission/2023_06_18/20230618_100636_standard_comp_to_omission_D2_subj_1-4_and_1-1.rec/20230618_100636_standard_comp_to_omission_D2_subj_1-4_and_1-1.2.h264
Currently working on: /scratch/back_up/reward_competition_extention/data/omission/2023_06_18/20230618_100636_standard_comp_to_omission_D2_subj_1-4_and_1-1.rec/20230618_100636_standard_comp_to_omission_D2_subj_1-4_and_1-1.2.h264
Processing /scratch/back_up/reward_competition_extention/data/omission/2023_06_18/20230618_100636_standard_comp_to_omission_D2_subj_1-4_and_1-1.rec/20230618_100636_standard_comp_to_omission_D2_subj_1-4_and_1-1.2.h264...
Converting h264 to mp4
Currently working on: /scratch/back_up/reward_competition_extention/proc/reencoded_videos/20230618_100636_standard_comp_to_omission_D2_subj_1-4_and_1-1/20230618_100636_standard_comp_to_omission_D2_subj_1-4_and_1-1.2.original.mp4
Processing /scratch/back_up/reward_competition_extention/proc/reencoded_videos/20230618_100636_standard_comp_to_omission_D2_subj_1-4_and_1-1/20230618_100636_standard_comp_to_omission_D2_subj_1-4_and_1-1.2.original.mp4...
Reencoding mp4
Currently starting: /scratch/back_up/reward_competition_extention/data/omission/2023_06_18/20230618_100646_standard_comp_to_omission_D2_subj_2-4_and_2-1.rec/20230618_100646_standard_comp_to_omission_D2_subj_2-4_and_2-1.1.h264
Currently working on: /scratch/back_up/reward_competition_extention/data/omission/2023_06_18/20230618_100646_standard_comp_to_omission_D2_subj_2-4_and_2-1.rec/20230618_100646_standard_comp_to_omission_D2_subj_2-4_and_2-1.1.h264
Processing /scratch/back_up/reward_competition_extention/data/omission/2023_06_18/20230618_100646_standard_comp_to_omission_D2_subj_2-4_and_2-1.rec/20230618_100646_standard_comp_to_omission_D2_subj_2-4_and_2-1.1.h264...
Converting h264 to mp4
Currently working on: /scratch/back_up/reward_competition_extention/proc/reencoded_videos/20230618_100646_standard_comp_to_omission_D2_subj_2-4_and_2-1/20230618_100646_standard_comp_to_omission_D2_subj_2-4_and_2-1.1.original.mp4
Processing /scratch/back_up/reward_competition_extention/proc/reencoded_videos/20230618_100646_standard_comp_to_omission_D2_subj_2-4_and_2-1/20230618_100646_standard_comp_to_omission_D2_subj_2-4_and_2-1.1.original.mp4...
Reencoding mp4
Currently starting: /scratch/back_up/reward_competition_extention/data/omission/2023_06_18/20230618_100646_standard_comp_to_omission_D2_subj_2-4_and_2-1.rec/20230618_100646_standard_comp_to_omission_D2_subj_2-4_and_2-1.2.h264
Currently working on: /scratch/back_up/reward_competition_extention/data/omission/2023_06_18/20230618_100646_standard_comp_to_omission_D2_subj_2-4_and_2-1.rec/20230618_100646_standard_comp_to_omission_D2_subj_2-4_and_2-1.2.h264
Processing /scratch/back_up/reward_competition_extention/data/omission/2023_06_18/20230618_100646_standard_comp_to_omission_D2_subj_2-4_and_2-1.rec/20230618_100646_standard_comp_to_omission_D2_subj_2-4_and_2-1.2.h264...
Converting h264 to mp4
Currently working on: /scratch/back_up/reward_competition_extention/proc/reencoded_videos/20230618_100646_standard_comp_to_omission_D2_subj_2-4_and_2-1/20230618_100646_standard_comp_to_omission_D2_subj_2-4_and_2-1.2.original.mp4
Processing /scratch/back_up/reward_competition_extention/proc/reencoded_videos/20230618_100646_standard_comp_to_omission_D2_subj_2-4_and_2-1/20230618_100646_standard_comp_to_omission_D2_subj_2-4_and_2-1.2.original.mp4...
Reencoding mp4
Currently starting: /scratch/back_up/reward_competition_extention/data/omission/2023_06_19/20230619_115321_standard_comp_to_omission_D3_subj_1-2_and_1-4.rec/20230619_115321_standard_comp_to_omission_D3_subj_1-2_and_1-4.1.h264
Currently working on: /scratch/back_up/reward_competition_extention/data/omission/2023_06_19/20230619_115321_standard_comp_to_omission_D3_subj_1-2_and_1-4.rec/20230619_115321_standard_comp_to_omission_D3_subj_1-2_and_1-4.1.h264
Processing /scratch/back_up/reward_competition_extention/data/omission/2023_06_19/20230619_115321_standard_comp_to_omission_D3_subj_1-2_and_1-4.rec/20230619_115321_standard_comp_to_omission_D3_subj_1-2_and_1-4.1.h264...
Converting h264 to mp4
Currently working on: /scratch/back_up/reward_competition_extention/proc/reencoded_videos/20230619_115321_standard_comp_to_omission_D3_subj_1-2_and_1-4/20230619_115321_standard_comp_to_omission_D3_subj_1-2_and_1-4.1.original.mp4
Processing /scratch/back_up/reward_competition_extention/proc/reencoded_videos/20230619_115321_standard_comp_to_omission_D3_subj_1-2_and_1-4/20230619_115321_standard_comp_to_omission_D3_subj_1-2_and_1-4.1.original.mp4...
Reencoding mp4
Currently starting: /scratch/back_up/reward_competition_extention/data/omission/2023_06_19/20230619_115321_standard_comp_to_omission_D3_subj_1-2_and_1-4.rec/20230619_115321_standard_comp_to_omission_D3_subj_1-2_and_1-4.2.h264
Currently working on: /scratch/back_up/reward_competition_extention/data/omission/2023_06_19/20230619_115321_standard_comp_to_omission_D3_subj_1-2_and_1-4.rec/20230619_115321_standard_comp_to_omission_D3_subj_1-2_and_1-4.2.h264
Processing /scratch/back_up/reward_competition_extention/data/omission/2023_06_19/20230619_115321_standard_comp_to_omission_D3_subj_1-2_and_1-4.rec/20230619_115321_standard_comp_to_omission_D3_subj_1-2_and_1-4.2.h264...
Converting h264 to mp4
Currently working on: /scratch/back_up/reward_competition_extention/proc/reencoded_videos/20230619_115321_standard_comp_to_omission_D3_subj_1-2_and_1-4/20230619_115321_standard_comp_to_omission_D3_subj_1-2_and_1-4.2.original.mp4
Processing /scratch/back_up/reward_competition_extention/proc/reencoded_videos/20230619_115321_standard_comp_to_omission_D3_subj_1-2_and_1-4/20230619_115321_standard_comp_to_omission_D3_subj_1-2_and_1-4.2.original.mp4...
Reencoding mp4
Currently starting: /scratch/back_up/reward_competition_extention/data/omission/2023_06_19/20230619_115321_standard_comp_to_omission_D3_subj_1-2_and_1-4.rec/20230619_115321_standard_comp_to_omission_D3_subj_1-2_and_1-4.3.h264
Currently working on: /scratch/back_up/reward_competition_extention/data/omission/2023_06_19/20230619_115321_standard_comp_to_omission_D3_subj_1-2_and_1-4.rec/20230619_115321_standard_comp_to_omission_D3_subj_1-2_and_1-4.3.h264
Processing /scratch/back_up/reward_competition_extention/data/omission/2023_06_19/20230619_115321_standard_comp_to_omission_D3_subj_1-2_and_1-4.rec/20230619_115321_standard_comp_to_omission_D3_subj_1-2_and_1-4.3.h264...
Converting h264 to mp4
Currently working on: /scratch/back_up/reward_competition_extention/proc/reencoded_videos/20230619_115321_standard_comp_to_omission_D3_subj_1-2_and_1-4/20230619_115321_standard_comp_to_omission_D3_subj_1-2_and_1-4.3.original.mp4
Processing /scratch/back_up/reward_competition_extention/proc/reencoded_videos/20230619_115321_standard_comp_to_omission_D3_subj_1-2_and_1-4/20230619_115321_standard_comp_to_omission_D3_subj_1-2_and_1-4.3.original.mp4...
Reencoding mp4
Currently starting: /scratch/back_up/reward_competition_extention/data/omission/2023_06_19/20230619_115321_standard_comp_to_omission_D3_subj_1-2_and_1-4.rec/20230619_115321_standard_comp_to_omission_D3_subj_1-2_and_1-4.4.h264
Currently working on: /scratch/back_up/reward_competition_extention/data/omission/2023_06_19/20230619_115321_standard_comp_to_omission_D3_subj_1-2_and_1-4.rec/20230619_115321_standard_comp_to_omission_D3_subj_1-2_and_1-4.4.h264
Processing /scratch/back_up/reward_competition_extention/data/omission/2023_06_19/20230619_115321_standard_comp_to_omission_D3_subj_1-2_and_1-4.rec/20230619_115321_standard_comp_to_omission_D3_subj_1-2_and_1-4.4.h264...
Converting h264 to mp4
Currently working on: /scratch/back_up/reward_competition_extention/proc/reencoded_videos/20230619_115321_standard_comp_to_omission_D3_subj_1-2_and_1-4/20230619_115321_standard_comp_to_omission_D3_subj_1-2_and_1-4.4.original.mp4
Processing /scratch/back_up/reward_competition_extention/proc/reencoded_videos/20230619_115321_standard_comp_to_omission_D3_subj_1-2_and_1-4/20230619_115321_standard_comp_to_omission_D3_subj_1-2_and_1-4.4.original.mp4...
Reencoding mp4
Currently starting: /scratch/back_up/reward_competition_extention/data/omission/2023_06_19/20230619_115334_standard_comp_to_omission_D3_subj_2-2_and_2-1.rec/20230619_115334_standard_comp_to_omission_D3_subj_2-2_and_2-1.1.h264
Currently working on: /scratch/back_up/reward_competition_extention/data/omission/2023_06_19/20230619_115334_standard_comp_to_omission_D3_subj_2-2_and_2-1.rec/20230619_115334_standard_comp_to_omission_D3_subj_2-2_and_2-1.1.h264
Processing /scratch/back_up/reward_competition_extention/data/omission/2023_06_19/20230619_115334_standard_comp_to_omission_D3_subj_2-2_and_2-1.rec/20230619_115334_standard_comp_to_omission_D3_subj_2-2_and_2-1.1.h264...
Converting h264 to mp4
Currently working on: /scratch/back_up/reward_competition_extention/proc/reencoded_videos/20230619_115334_standard_comp_to_omission_D3_subj_2-2_and_2-1/20230619_115334_standard_comp_to_omission_D3_subj_2-2_and_2-1.1.original.mp4
Processing /scratch/back_up/reward_competition_extention/proc/reencoded_videos/20230619_115334_standard_comp_to_omission_D3_subj_2-2_and_2-1/20230619_115334_standard_comp_to_omission_D3_subj_2-2_and_2-1.1.original.mp4...
Reencoding mp4
Currently starting: /scratch/back_up/reward_competition_extention/data/omission/2023_06_19/20230619_115334_standard_comp_to_omission_D3_subj_2-2_and_2-1.rec/20230619_115334_standard_comp_to_omission_D3_subj_2-2_and_2-1.2.h264
Currently working on: /scratch/back_up/reward_competition_extention/data/omission/2023_06_19/20230619_115334_standard_comp_to_omission_D3_subj_2-2_and_2-1.rec/20230619_115334_standard_comp_to_omission_D3_subj_2-2_and_2-1.2.h264
Processing /scratch/back_up/reward_competition_extention/data/omission/2023_06_19/20230619_115334_standard_comp_to_omission_D3_subj_2-2_and_2-1.rec/20230619_115334_standard_comp_to_omission_D3_subj_2-2_and_2-1.2.h264...
Converting h264 to mp4
Currently working on: /scratch/back_up/reward_competition_extention/proc/reencoded_videos/20230619_115334_standard_comp_to_omission_D3_subj_2-2_and_2-1/20230619_115334_standard_comp_to_omission_D3_subj_2-2_and_2-1.2.original.mp4
Processing /scratch/back_up/reward_competition_extention/proc/reencoded_videos/20230619_115334_standard_comp_to_omission_D3_subj_2-2_and_2-1/20230619_115334_standard_comp_to_omission_D3_subj_2-2_and_2-1.2.original.mp4...
Reencoding mp4
Currently starting: /scratch/back_up/reward_competition_extention/data/omission/2023_06_19/20230619_115334_standard_comp_to_omission_D3_subj_2-2_and_2-1.rec/20230619_115334_standard_comp_to_omission_D3_subj_2-2_and_2-1.3.h264
Currently working on: /scratch/back_up/reward_competition_extention/data/omission/2023_06_19/20230619_115334_standard_comp_to_omission_D3_subj_2-2_and_2-1.rec/20230619_115334_standard_comp_to_omission_D3_subj_2-2_and_2-1.3.h264
Processing /scratch/back_up/reward_competition_extention/data/omission/2023_06_19/20230619_115334_standard_comp_to_omission_D3_subj_2-2_and_2-1.rec/20230619_115334_standard_comp_to_omission_D3_subj_2-2_and_2-1.3.h264...
Converting h264 to mp4
Currently working on: /scratch/back_up/reward_competition_extention/proc/reencoded_videos/20230619_115334_standard_comp_to_omission_D3_subj_2-2_and_2-1/20230619_115334_standard_comp_to_omission_D3_subj_2-2_and_2-1.3.original.mp4
Processing /scratch/back_up/reward_competition_extention/proc/reencoded_videos/20230619_115334_standard_comp_to_omission_D3_subj_2-2_and_2-1/20230619_115334_standard_comp_to_omission_D3_subj_2-2_and_2-1.3.original.mp4...
Reencoding mp4
Currently starting: /scratch/back_up/reward_competition_extention/data/omission/2023_06_20/20230620_114347_standard_comp_to_omission_D4_subj_1-2_and_1-1.rec/20230620_114347_standard_comp_to_omission_D4_subj_1-2_and_1-1.1.h264
Currently working on: /scratch/back_up/reward_competition_extention/data/omission/2023_06_20/20230620_114347_standard_comp_to_omission_D4_subj_1-2_and_1-1.rec/20230620_114347_standard_comp_to_omission_D4_subj_1-2_and_1-1.1.h264
Processing /scratch/back_up/reward_competition_extention/data/omission/2023_06_20/20230620_114347_standard_comp_to_omission_D4_subj_1-2_and_1-1.rec/20230620_114347_standard_comp_to_omission_D4_subj_1-2_and_1-1.1.h264...
Converting h264 to mp4
Currently working on: /scratch/back_up/reward_competition_extention/proc/reencoded_videos/20230620_114347_standard_comp_to_omission_D4_subj_1-2_and_1-1/20230620_114347_standard_comp_to_omission_D4_subj_1-2_and_1-1.1.original.mp4
Processing /scratch/back_up/reward_competition_extention/proc/reencoded_videos/20230620_114347_standard_comp_to_omission_D4_subj_1-2_and_1-1/20230620_114347_standard_comp_to_omission_D4_subj_1-2_and_1-1.1.original.mp4...
Reencoding mp4
Currently starting: /scratch/back_up/reward_competition_extention/data/omission/2023_06_20/20230620_114347_standard_comp_to_omission_D4_subj_1-2_and_1-1.rec/20230620_114347_standard_comp_to_omission_D4_subj_1-2_and_1-1.2.h264
Currently working on: /scratch/back_up/reward_competition_extention/data/omission/2023_06_20/20230620_114347_standard_comp_to_omission_D4_subj_1-2_and_1-1.rec/20230620_114347_standard_comp_to_omission_D4_subj_1-2_and_1-1.2.h264
Processing /scratch/back_up/reward_competition_extention/data/omission/2023_06_20/20230620_114347_standard_comp_to_omission_D4_subj_1-2_and_1-1.rec/20230620_114347_standard_comp_to_omission_D4_subj_1-2_and_1-1.2.h264...
Converting h264 to mp4
Currently working on: /scratch/back_up/reward_competition_extention/proc/reencoded_videos/20230620_114347_standard_comp_to_omission_D4_subj_1-2_and_1-1/20230620_114347_standard_comp_to_omission_D4_subj_1-2_and_1-1.2.original.mp4
Processing /scratch/back_up/reward_competition_extention/proc/reencoded_videos/20230620_114347_standard_comp_to_omission_D4_subj_1-2_and_1-1/20230620_114347_standard_comp_to_omission_D4_subj_1-2_and_1-1.2.original.mp4...
Reencoding mp4
Currently starting: /scratch/back_up/reward_competition_extention/data/omission/2023_06_21/20230621_111240_standard_comp_to_omission_D5_subj_1-4_and_1-2.rec/20230621_111240_standard_comp_to_omission_D5_subj_1-4_and_1-2.1.h264
Currently working on: /scratch/back_up/reward_competition_extention/data/omission/2023_06_21/20230621_111240_standard_comp_to_omission_D5_subj_1-4_and_1-2.rec/20230621_111240_standard_comp_to_omission_D5_subj_1-4_and_1-2.1.h264
Processing /scratch/back_up/reward_competition_extention/data/omission/2023_06_21/20230621_111240_standard_comp_to_omission_D5_subj_1-4_and_1-2.rec/20230621_111240_standard_comp_to_omission_D5_subj_1-4_and_1-2.1.h264...
Converting h264 to mp4
Currently working on: /scratch/back_up/reward_competition_extention/proc/reencoded_videos/20230621_111240_standard_comp_to_omission_D5_subj_1-4_and_1-2/20230621_111240_standard_comp_to_omission_D5_subj_1-4_and_1-2.1.original.mp4
Processing /scratch/back_up/reward_competition_extention/proc/reencoded_videos/20230621_111240_standard_comp_to_omission_D5_subj_1-4_and_1-2/20230621_111240_standard_comp_to_omission_D5_subj_1-4_and_1-2.1.original.mp4...
Reencoding mp4
Currently starting: /scratch/back_up/reward_competition_extention/data/omission/2023_06_21/20230621_111240_standard_comp_to_omission_D5_subj_1-4_and_1-2.rec/20230621_111240_standard_comp_to_omission_D5_subj_1-4_and_1-2.2.h264
Currently working on: /scratch/back_up/reward_competition_extention/data/omission/2023_06_21/20230621_111240_standard_comp_to_omission_D5_subj_1-4_and_1-2.rec/20230621_111240_standard_comp_to_omission_D5_subj_1-4_and_1-2.2.h264
Processing /scratch/back_up/reward_competition_extention/data/omission/2023_06_21/20230621_111240_standard_comp_to_omission_D5_subj_1-4_and_1-2.rec/20230621_111240_standard_comp_to_omission_D5_subj_1-4_and_1-2.2.h264...
Converting h264 to mp4
Currently working on: /scratch/back_up/reward_competition_extention/proc/reencoded_videos/20230621_111240_standard_comp_to_omission_D5_subj_1-4_and_1-2/20230621_111240_standard_comp_to_omission_D5_subj_1-4_and_1-2.2.original.mp4
Processing /scratch/back_up/reward_competition_extention/proc/reencoded_videos/20230621_111240_standard_comp_to_omission_D5_subj_1-4_and_1-2/20230621_111240_standard_comp_to_omission_D5_subj_1-4_and_1-2.2.original.mp4...
Reencoding mp4
Currently starting: /scratch/back_up/reward_competition_extention/data/standard/2023_06_12/20230612_101430_standard_comp_to_training_D1_subj_1-4_and_1-3.rec/20230612_101430_standard_comp_to_training_D1_subj_1-4_and_1-3.1.h264
Currently working on: /scratch/back_up/reward_competition_extention/data/standard/2023_06_12/20230612_101430_standard_comp_to_training_D1_subj_1-4_and_1-3.rec/20230612_101430_standard_comp_to_training_D1_subj_1-4_and_1-3.1.h264
Processing /scratch/back_up/reward_competition_extention/data/standard/2023_06_12/20230612_101430_standard_comp_to_training_D1_subj_1-4_and_1-3.rec/20230612_101430_standard_comp_to_training_D1_subj_1-4_and_1-3.1.h264...
Converting h264 to mp4
Currently working on: /scratch/back_up/reward_competition_extention/proc/reencoded_videos/20230612_101430_standard_comp_to_training_D1_subj_1-4_and_1-3/20230612_101430_standard_comp_to_training_D1_subj_1-4_and_1-3.1.original.mp4
Processing /scratch/back_up/reward_competition_extention/proc/reencoded_videos/20230612_101430_standard_comp_to_training_D1_subj_1-4_and_1-3/20230612_101430_standard_comp_to_training_D1_subj_1-4_and_1-3.1.original.mp4...
Reencoding mp4
Currently starting: /scratch/back_up/reward_competition_extention/data/standard/2023_06_12/20230612_101430_standard_comp_to_training_D1_subj_1-4_and_1-3.rec/20230612_101430_standard_comp_to_training_D1_subj_1-4_and_1-3.2.h264
Currently working on: /scratch/back_up/reward_competition_extention/data/standard/2023_06_12/20230612_101430_standard_comp_to_training_D1_subj_1-4_and_1-3.rec/20230612_101430_standard_comp_to_training_D1_subj_1-4_and_1-3.2.h264
Processing /scratch/back_up/reward_competition_extention/data/standard/2023_06_12/20230612_101430_standard_comp_to_training_D1_subj_1-4_and_1-3.rec/20230612_101430_standard_comp_to_training_D1_subj_1-4_and_1-3.2.h264...
Converting h264 to mp4
Currently working on: /scratch/back_up/reward_competition_extention/proc/reencoded_videos/20230612_101430_standard_comp_to_training_D1_subj_1-4_and_1-3/20230612_101430_standard_comp_to_training_D1_subj_1-4_and_1-3.2.original.mp4
Processing /scratch/back_up/reward_competition_extention/proc/reencoded_videos/20230612_101430_standard_comp_to_training_D1_subj_1-4_and_1-3/20230612_101430_standard_comp_to_training_D1_subj_1-4_and_1-3.2.original.mp4...
Reencoding mp4
Currently starting: /scratch/back_up/reward_competition_extention/data/standard/2023_06_12/20230612_101935_standard_comp_to_training_D1_subj_2-2_and_2-1.rec/20230612_101935_standard_comp_to_training_D1_subj_2-2_and_2-1.1.h264
Currently working on: /scratch/back_up/reward_competition_extention/data/standard/2023_06_12/20230612_101935_standard_comp_to_training_D1_subj_2-2_and_2-1.rec/20230612_101935_standard_comp_to_training_D1_subj_2-2_and_2-1.1.h264
Processing /scratch/back_up/reward_competition_extention/data/standard/2023_06_12/20230612_101935_standard_comp_to_training_D1_subj_2-2_and_2-1.rec/20230612_101935_standard_comp_to_training_D1_subj_2-2_and_2-1.1.h264...
Converting h264 to mp4
Currently working on: /scratch/back_up/reward_competition_extention/proc/reencoded_videos/20230612_101935_standard_comp_to_training_D1_subj_2-2_and_2-1/20230612_101935_standard_comp_to_training_D1_subj_2-2_and_2-1.1.original.mp4
Processing /scratch/back_up/reward_competition_extention/proc/reencoded_videos/20230612_101935_standard_comp_to_training_D1_subj_2-2_and_2-1/20230612_101935_standard_comp_to_training_D1_subj_2-2_and_2-1.1.original.mp4...
Reencoding mp4
Currently starting: /scratch/back_up/reward_competition_extention/data/standard/2023_06_12/20230612_101935_standard_comp_to_training_D1_subj_2-2_and_2-1.rec/20230612_101935_standard_comp_to_training_D1_subj_2-2_and_2-1.2.h264
Currently working on: /scratch/back_up/reward_competition_extention/data/standard/2023_06_12/20230612_101935_standard_comp_to_training_D1_subj_2-2_and_2-1.rec/20230612_101935_standard_comp_to_training_D1_subj_2-2_and_2-1.2.h264
Processing /scratch/back_up/reward_competition_extention/data/standard/2023_06_12/20230612_101935_standard_comp_to_training_D1_subj_2-2_and_2-1.rec/20230612_101935_standard_comp_to_training_D1_subj_2-2_and_2-1.2.h264...
Converting h264 to mp4
Currently working on: /scratch/back_up/reward_competition_extention/proc/reencoded_videos/20230612_101935_standard_comp_to_training_D1_subj_2-2_and_2-1/20230612_101935_standard_comp_to_training_D1_subj_2-2_and_2-1.2.original.mp4
Processing /scratch/back_up/reward_competition_extention/proc/reencoded_videos/20230612_101935_standard_comp_to_training_D1_subj_2-2_and_2-1/20230612_101935_standard_comp_to_training_D1_subj_2-2_and_2-1.2.original.mp4...
Reencoding mp4
Currently starting: /scratch/back_up/reward_competition_extention/data/standard/2023_06_12/20230612_101935_standard_comp_to_training_D1_subj_2-2_and_2-1.rec/20230612_101935_standard_comp_to_training_D1_subj_2-2_and_2-1.3.h264
Currently working on: /scratch/back_up/reward_competition_extention/data/standard/2023_06_12/20230612_101935_standard_comp_to_training_D1_subj_2-2_and_2-1.rec/20230612_101935_standard_comp_to_training_D1_subj_2-2_and_2-1.3.h264
Processing /scratch/back_up/reward_competition_extention/data/standard/2023_06_12/20230612_101935_standard_comp_to_training_D1_subj_2-2_and_2-1.rec/20230612_101935_standard_comp_to_training_D1_subj_2-2_and_2-1.3.h264...
Converting h264 to mp4
Currently working on: /scratch/back_up/reward_competition_extention/proc/reencoded_videos/20230612_101935_standard_comp_to_training_D1_subj_2-2_and_2-1/20230612_101935_standard_comp_to_training_D1_subj_2-2_and_2-1.3.original.mp4
Processing /scratch/back_up/reward_competition_extention/proc/reencoded_videos/20230612_101935_standard_comp_to_training_D1_subj_2-2_and_2-1/20230612_101935_standard_comp_to_training_D1_subj_2-2_and_2-1.3.original.mp4...
Reencoding mp4
Currently starting: /scratch/back_up/reward_competition_extention/data/standard/2023_06_12/20230612_112630_standard_comp_to_training_D1_subj_1-2_and_1-1.rec/20230612_112630_standard_comp_to_training_D1_subj_1-2_and_1-1.1.h264
Currently working on: /scratch/back_up/reward_competition_extention/data/standard/2023_06_12/20230612_112630_standard_comp_to_training_D1_subj_1-2_and_1-1.rec/20230612_112630_standard_comp_to_training_D1_subj_1-2_and_1-1.1.h264
Processing /scratch/back_up/reward_competition_extention/data/standard/2023_06_12/20230612_112630_standard_comp_to_training_D1_subj_1-2_and_1-1.rec/20230612_112630_standard_comp_to_training_D1_subj_1-2_and_1-1.1.h264...
Converting h264 to mp4
Currently working on: /scratch/back_up/reward_competition_extention/proc/reencoded_videos/20230612_112630_standard_comp_to_training_D1_subj_1-2_and_1-1/20230612_112630_standard_comp_to_training_D1_subj_1-2_and_1-1.1.original.mp4
Processing /scratch/back_up/reward_competition_extention/proc/reencoded_videos/20230612_112630_standard_comp_to_training_D1_subj_1-2_and_1-1/20230612_112630_standard_comp_to_training_D1_subj_1-2_and_1-1.1.original.mp4...
Reencoding mp4
Currently starting: /scratch/back_up/reward_competition_extention/data/standard/2023_06_12/20230612_112630_standard_comp_to_training_D1_subj_1-2_and_1-1.rec/20230612_112630_standard_comp_to_training_D1_subj_1-2_and_1-1.2.h264
Currently working on: /scratch/back_up/reward_competition_extention/data/standard/2023_06_12/20230612_112630_standard_comp_to_training_D1_subj_1-2_and_1-1.rec/20230612_112630_standard_comp_to_training_D1_subj_1-2_and_1-1.2.h264
Processing /scratch/back_up/reward_competition_extention/data/standard/2023_06_12/20230612_112630_standard_comp_to_training_D1_subj_1-2_and_1-1.rec/20230612_112630_standard_comp_to_training_D1_subj_1-2_and_1-1.2.h264...
Converting h264 to mp4
Currently working on: /scratch/back_up/reward_competition_extention/proc/reencoded_videos/20230612_112630_standard_comp_to_training_D1_subj_1-2_and_1-1/20230612_112630_standard_comp_to_training_D1_subj_1-2_and_1-1.2.original.mp4
Processing /scratch/back_up/reward_competition_extention/proc/reencoded_videos/20230612_112630_standard_comp_to_training_D1_subj_1-2_and_1-1/20230612_112630_standard_comp_to_training_D1_subj_1-2_and_1-1.2.original.mp4...
Reencoding mp4
Currently starting: /scratch/back_up/reward_competition_extention/data/standard/2023_06_13/20230613_105657_standard_comp_to_training_D2_subj_1-1_and_1-4.rec/20230613_105657_standard_comp_to_training_D2_subj_1-1_and_1-4.1.h264
Currently working on: /scratch/back_up/reward_competition_extention/data/standard/2023_06_13/20230613_105657_standard_comp_to_training_D2_subj_1-1_and_1-4.rec/20230613_105657_standard_comp_to_training_D2_subj_1-1_and_1-4.1.h264
Processing /scratch/back_up/reward_competition_extention/data/standard/2023_06_13/20230613_105657_standard_comp_to_training_D2_subj_1-1_and_1-4.rec/20230613_105657_standard_comp_to_training_D2_subj_1-1_and_1-4.1.h264...
Converting h264 to mp4
Currently working on: /scratch/back_up/reward_competition_extention/proc/reencoded_videos/20230613_105657_standard_comp_to_training_D2_subj_1-1_and_1-4/20230613_105657_standard_comp_to_training_D2_subj_1-1_and_1-4.1.original.mp4
Processing /scratch/back_up/reward_competition_extention/proc/reencoded_videos/20230613_105657_standard_comp_to_training_D2_subj_1-1_and_1-4/20230613_105657_standard_comp_to_training_D2_subj_1-1_and_1-4.1.original.mp4...
Reencoding mp4
Currently starting: /scratch/back_up/reward_competition_extention/data/standard/2023_06_13/20230613_105657_standard_comp_to_training_D2_subj_1-1_and_1-4.rec/20230613_105657_standard_comp_to_training_D2_subj_1-1_and_1-4.2.h264
Currently working on: /scratch/back_up/reward_competition_extention/data/standard/2023_06_13/20230613_105657_standard_comp_to_training_D2_subj_1-1_and_1-4.rec/20230613_105657_standard_comp_to_training_D2_subj_1-1_and_1-4.2.h264
Processing /scratch/back_up/reward_competition_extention/data/standard/2023_06_13/20230613_105657_standard_comp_to_training_D2_subj_1-1_and_1-4.rec/20230613_105657_standard_comp_to_training_D2_subj_1-1_and_1-4.2.h264...
Converting h264 to mp4
Currently working on: /scratch/back_up/reward_competition_extention/proc/reencoded_videos/20230613_105657_standard_comp_to_training_D2_subj_1-1_and_1-4/20230613_105657_standard_comp_to_training_D2_subj_1-1_and_1-4.2.original.mp4
Processing /scratch/back_up/reward_competition_extention/proc/reencoded_videos/20230613_105657_standard_comp_to_training_D2_subj_1-1_and_1-4/20230613_105657_standard_comp_to_training_D2_subj_1-1_and_1-4.2.original.mp4...
Reencoding mp4
Currently starting: /scratch/back_up/reward_competition_extention/data/standard/2023_06_13/20230613_110126_standard_comp_to_training_D2_subj_2-4_and_2-2.rec/20230613_110126_standard_comp_to_training_D2_subj_2-4_and_2-2.1.h264
Currently working on: /scratch/back_up/reward_competition_extention/data/standard/2023_06_13/20230613_110126_standard_comp_to_training_D2_subj_2-4_and_2-2.rec/20230613_110126_standard_comp_to_training_D2_subj_2-4_and_2-2.1.h264
Processing /scratch/back_up/reward_competition_extention/data/standard/2023_06_13/20230613_110126_standard_comp_to_training_D2_subj_2-4_and_2-2.rec/20230613_110126_standard_comp_to_training_D2_subj_2-4_and_2-2.1.h264...
Converting h264 to mp4
Currently working on: /scratch/back_up/reward_competition_extention/proc/reencoded_videos/20230613_110126_standard_comp_to_training_D2_subj_2-4_and_2-2/20230613_110126_standard_comp_to_training_D2_subj_2-4_and_2-2.1.original.mp4
Processing /scratch/back_up/reward_competition_extention/proc/reencoded_videos/20230613_110126_standard_comp_to_training_D2_subj_2-4_and_2-2/20230613_110126_standard_comp_to_training_D2_subj_2-4_and_2-2.1.original.mp4...
Reencoding mp4
Currently starting: /scratch/back_up/reward_competition_extention/data/standard/2023_06_13/20230613_110126_standard_comp_to_training_D2_subj_2-4_and_2-2.rec/20230613_110126_standard_comp_to_training_D2_subj_2-4_and_2-2.2.h264
Currently working on: /scratch/back_up/reward_competition_extention/data/standard/2023_06_13/20230613_110126_standard_comp_to_training_D2_subj_2-4_and_2-2.rec/20230613_110126_standard_comp_to_training_D2_subj_2-4_and_2-2.2.h264
Processing /scratch/back_up/reward_competition_extention/data/standard/2023_06_13/20230613_110126_standard_comp_to_training_D2_subj_2-4_and_2-2.rec/20230613_110126_standard_comp_to_training_D2_subj_2-4_and_2-2.2.h264...
Converting h264 to mp4
Currently working on: /scratch/back_up/reward_competition_extention/proc/reencoded_videos/20230613_110126_standard_comp_to_training_D2_subj_2-4_and_2-2/20230613_110126_standard_comp_to_training_D2_subj_2-4_and_2-2.2.original.mp4
Processing /scratch/back_up/reward_competition_extention/proc/reencoded_videos/20230613_110126_standard_comp_to_training_D2_subj_2-4_and_2-2/20230613_110126_standard_comp_to_training_D2_subj_2-4_and_2-2.2.original.mp4...
Reencoding mp4
Currently starting: /scratch/back_up/reward_competition_extention/data/standard/2023_06_13/20230613_110126_standard_comp_to_training_D2_subj_2-4_and_2-2.rec/20230613_110126_standard_comp_to_training_D2_subj_2-4_and_2-2.3.h264
Currently working on: /scratch/back_up/reward_competition_extention/data/standard/2023_06_13/20230613_110126_standard_comp_to_training_D2_subj_2-4_and_2-2.rec/20230613_110126_standard_comp_to_training_D2_subj_2-4_and_2-2.3.h264
Processing /scratch/back_up/reward_competition_extention/data/standard/2023_06_13/20230613_110126_standard_comp_to_training_D2_subj_2-4_and_2-2.rec/20230613_110126_standard_comp_to_training_D2_subj_2-4_and_2-2.3.h264...
Converting h264 to mp4
Currently working on: /scratch/back_up/reward_competition_extention/proc/reencoded_videos/20230613_110126_standard_comp_to_training_D2_subj_2-4_and_2-2/20230613_110126_standard_comp_to_training_D2_subj_2-4_and_2-2.3.original.mp4
Processing /scratch/back_up/reward_competition_extention/proc/reencoded_videos/20230613_110126_standard_comp_to_training_D2_subj_2-4_and_2-2/20230613_110126_standard_comp_to_training_D2_subj_2-4_and_2-2.3.original.mp4...
Reencoding mp4
Currently starting: /scratch/back_up/reward_competition_extention/data/standard/2023_06_14/20230614_114041_standard_comp_to_training_D3_subj_1-1_and_1-2.rec/20230614_114041_standard_comp_to_training_D3_subj_1-1_and_1-2.1.h264
Currently working on: /scratch/back_up/reward_competition_extention/data/standard/2023_06_14/20230614_114041_standard_comp_to_training_D3_subj_1-1_and_1-2.rec/20230614_114041_standard_comp_to_training_D3_subj_1-1_and_1-2.1.h264
Processing /scratch/back_up/reward_competition_extention/data/standard/2023_06_14/20230614_114041_standard_comp_to_training_D3_subj_1-1_and_1-2.rec/20230614_114041_standard_comp_to_training_D3_subj_1-1_and_1-2.1.h264...
Converting h264 to mp4
Currently working on: /scratch/back_up/reward_competition_extention/proc/reencoded_videos/20230614_114041_standard_comp_to_training_D3_subj_1-1_and_1-2/20230614_114041_standard_comp_to_training_D3_subj_1-1_and_1-2.1.original.mp4
Processing /scratch/back_up/reward_competition_extention/proc/reencoded_videos/20230614_114041_standard_comp_to_training_D3_subj_1-1_and_1-2/20230614_114041_standard_comp_to_training_D3_subj_1-1_and_1-2.1.original.mp4...
Reencoding mp4
Currently starting: /scratch/back_up/reward_competition_extention/data/standard/2023_06_14/20230614_114041_standard_comp_to_training_D3_subj_1-1_and_1-2.rec/20230614_114041_standard_comp_to_training_D3_subj_1-1_and_1-2.2.h264
Currently working on: /scratch/back_up/reward_competition_extention/data/standard/2023_06_14/20230614_114041_standard_comp_to_training_D3_subj_1-1_and_1-2.rec/20230614_114041_standard_comp_to_training_D3_subj_1-1_and_1-2.2.h264
Processing /scratch/back_up/reward_competition_extention/data/standard/2023_06_14/20230614_114041_standard_comp_to_training_D3_subj_1-1_and_1-2.rec/20230614_114041_standard_comp_to_training_D3_subj_1-1_and_1-2.2.h264...
Converting h264 to mp4
Currently working on: /scratch/back_up/reward_competition_extention/proc/reencoded_videos/20230614_114041_standard_comp_to_training_D3_subj_1-1_and_1-2/20230614_114041_standard_comp_to_training_D3_subj_1-1_and_1-2.2.original.mp4
Processing /scratch/back_up/reward_competition_extention/proc/reencoded_videos/20230614_114041_standard_comp_to_training_D3_subj_1-1_and_1-2/20230614_114041_standard_comp_to_training_D3_subj_1-1_and_1-2.2.original.mp4...
Reencoding mp4
Currently starting: /scratch/back_up/reward_competition_extention/data/standard/2023_06_14/20230614_114041_standard_comp_to_training_D3_subj_1-1_and_1-2.rec/20230614_114041_standard_comp_to_training_D3_subj_1-1_and_1-2.3.h264
Currently working on: /scratch/back_up/reward_competition_extention/data/standard/2023_06_14/20230614_114041_standard_comp_to_training_D3_subj_1-1_and_1-2.rec/20230614_114041_standard_comp_to_training_D3_subj_1-1_and_1-2.3.h264
Processing /scratch/back_up/reward_competition_extention/data/standard/2023_06_14/20230614_114041_standard_comp_to_training_D3_subj_1-1_and_1-2.rec/20230614_114041_standard_comp_to_training_D3_subj_1-1_and_1-2.3.h264...
Converting h264 to mp4
Currently working on: /scratch/back_up/reward_competition_extention/proc/reencoded_videos/20230614_114041_standard_comp_to_training_D3_subj_1-1_and_1-2/20230614_114041_standard_comp_to_training_D3_subj_1-1_and_1-2.3.original.mp4
Processing /scratch/back_up/reward_competition_extention/proc/reencoded_videos/20230614_114041_standard_comp_to_training_D3_subj_1-1_and_1-2/20230614_114041_standard_comp_to_training_D3_subj_1-1_and_1-2.3.original.mp4...
Reencoding mp4
Currently starting: /scratch/back_up/reward_competition_extention/data/standard/2023_06_14/20230614_115827_standard_comp_to_training_D3_subj_2-1_and_2-4.rec/20230614_115827_standard_comp_to_training_D3_subj_2-1_and_2-4.1.h264
Currently working on: /scratch/back_up/reward_competition_extention/data/standard/2023_06_14/20230614_115827_standard_comp_to_training_D3_subj_2-1_and_2-4.rec/20230614_115827_standard_comp_to_training_D3_subj_2-1_and_2-4.1.h264
Processing /scratch/back_up/reward_competition_extention/data/standard/2023_06_14/20230614_115827_standard_comp_to_training_D3_subj_2-1_and_2-4.rec/20230614_115827_standard_comp_to_training_D3_subj_2-1_and_2-4.1.h264...
Converting h264 to mp4
Currently working on: /scratch/back_up/reward_competition_extention/proc/reencoded_videos/20230614_115827_standard_comp_to_training_D3_subj_2-1_and_2-4/20230614_115827_standard_comp_to_training_D3_subj_2-1_and_2-4.1.original.mp4
Processing /scratch/back_up/reward_competition_extention/proc/reencoded_videos/20230614_115827_standard_comp_to_training_D3_subj_2-1_and_2-4/20230614_115827_standard_comp_to_training_D3_subj_2-1_and_2-4.1.original.mp4...
Reencoding mp4
Currently starting: /scratch/back_up/reward_competition_extention/data/standard/2023_06_14/20230614_115827_standard_comp_to_training_D3_subj_2-1_and_2-4.rec/20230614_115827_standard_comp_to_training_D3_subj_2-1_and_2-4.2.h264
Currently working on: /scratch/back_up/reward_competition_extention/data/standard/2023_06_14/20230614_115827_standard_comp_to_training_D3_subj_2-1_and_2-4.rec/20230614_115827_standard_comp_to_training_D3_subj_2-1_and_2-4.2.h264
Processing /scratch/back_up/reward_competition_extention/data/standard/2023_06_14/20230614_115827_standard_comp_to_training_D3_subj_2-1_and_2-4.rec/20230614_115827_standard_comp_to_training_D3_subj_2-1_and_2-4.2.h264...
Converting h264 to mp4
Currently working on: /scratch/back_up/reward_competition_extention/proc/reencoded_videos/20230614_115827_standard_comp_to_training_D3_subj_2-1_and_2-4/20230614_115827_standard_comp_to_training_D3_subj_2-1_and_2-4.2.original.mp4
Processing /scratch/back_up/reward_competition_extention/proc/reencoded_videos/20230614_115827_standard_comp_to_training_D3_subj_2-1_and_2-4/20230614_115827_standard_comp_to_training_D3_subj_2-1_and_2-4.2.original.mp4...
Reencoding mp4
Currently starting: /scratch/back_up/reward_competition_extention/data/standard/2023_06_16/20230616_111904_standard_comp_to_training_D4_subj_1-4_and_1-2.rec/20230616_111904_standard_comp_to_training_D4_subj_1-4_and_1-2.1.h264
Currently working on: /scratch/back_up/reward_competition_extention/data/standard/2023_06_16/20230616_111904_standard_comp_to_training_D4_subj_1-4_and_1-2.rec/20230616_111904_standard_comp_to_training_D4_subj_1-4_and_1-2.1.h264
Processing /scratch/back_up/reward_competition_extention/data/standard/2023_06_16/20230616_111904_standard_comp_to_training_D4_subj_1-4_and_1-2.rec/20230616_111904_standard_comp_to_training_D4_subj_1-4_and_1-2.1.h264...
Converting h264 to mp4
Currently working on: /scratch/back_up/reward_competition_extention/proc/reencoded_videos/20230616_111904_standard_comp_to_training_D4_subj_1-4_and_1-2/20230616_111904_standard_comp_to_training_D4_subj_1-4_and_1-2.1.original.mp4
Processing /scratch/back_up/reward_competition_extention/proc/reencoded_videos/20230616_111904_standard_comp_to_training_D4_subj_1-4_and_1-2/20230616_111904_standard_comp_to_training_D4_subj_1-4_and_1-2.1.original.mp4...
Reencoding mp4
Currently starting: /scratch/back_up/reward_competition_extention/data/standard/2023_06_16/20230616_111904_standard_comp_to_training_D4_subj_1-4_and_1-2.rec/20230616_111904_standard_comp_to_training_D4_subj_1-4_and_1-2.2.h264
Currently working on: /scratch/back_up/reward_competition_extention/data/standard/2023_06_16/20230616_111904_standard_comp_to_training_D4_subj_1-4_and_1-2.rec/20230616_111904_standard_comp_to_training_D4_subj_1-4_and_1-2.2.h264
Processing /scratch/back_up/reward_competition_extention/data/standard/2023_06_16/20230616_111904_standard_comp_to_training_D4_subj_1-4_and_1-2.rec/20230616_111904_standard_comp_to_training_D4_subj_1-4_and_1-2.2.h264...
Converting h264 to mp4
Currently working on: /scratch/back_up/reward_competition_extention/proc/reencoded_videos/20230616_111904_standard_comp_to_training_D4_subj_1-4_and_1-2/20230616_111904_standard_comp_to_training_D4_subj_1-4_and_1-2.2.original.mp4
Processing /scratch/back_up/reward_competition_extention/proc/reencoded_videos/20230616_111904_standard_comp_to_training_D4_subj_1-4_and_1-2/20230616_111904_standard_comp_to_training_D4_subj_1-4_and_1-2.2.original.mp4...
Reencoding mp4
Currently starting: /scratch/back_up/reward_competition_extention/data/standard/2023_06_16/20230616_111904_standard_comp_to_training_D4_subj_2-1_and_2-2.rec/20230616_111904_standard_comp_to_training_D4_subj_2-1_and_2-2.1.h264
Currently working on: /scratch/back_up/reward_competition_extention/data/standard/2023_06_16/20230616_111904_standard_comp_to_training_D4_subj_2-1_and_2-2.rec/20230616_111904_standard_comp_to_training_D4_subj_2-1_and_2-2.1.h264
Processing /scratch/back_up/reward_competition_extention/data/standard/2023_06_16/20230616_111904_standard_comp_to_training_D4_subj_2-1_and_2-2.rec/20230616_111904_standard_comp_to_training_D4_subj_2-1_and_2-2.1.h264...
Converting h264 to mp4
Currently working on: /scratch/back_up/reward_competition_extention/proc/reencoded_videos/20230616_111904_standard_comp_to_training_D4_subj_2-1_and_2-2/20230616_111904_standard_comp_to_training_D4_subj_2-1_and_2-2.1.original.mp4
Processing /scratch/back_up/reward_competition_extention/proc/reencoded_videos/20230616_111904_standard_comp_to_training_D4_subj_2-1_and_2-2/20230616_111904_standard_comp_to_training_D4_subj_2-1_and_2-2.1.original.mp4...
Reencoding mp4
Currently starting: /scratch/back_up/reward_competition_extention/data/standard/2023_06_16/20230616_111904_standard_comp_to_training_D4_subj_2-1_and_2-2.rec/20230616_111904_standard_comp_to_training_D4_subj_2-1_and_2-2.2.h264
Currently working on: /scratch/back_up/reward_competition_extention/data/standard/2023_06_16/20230616_111904_standard_comp_to_training_D4_subj_2-1_and_2-2.rec/20230616_111904_standard_comp_to_training_D4_subj_2-1_and_2-2.2.h264
Processing /scratch/back_up/reward_competition_extention/data/standard/2023_06_16/20230616_111904_standard_comp_to_training_D4_subj_2-1_and_2-2.rec/20230616_111904_standard_comp_to_training_D4_subj_2-1_and_2-2.2.h264...
Converting h264 to mp4
Currently working on: /scratch/back_up/reward_competition_extention/proc/reencoded_videos/20230616_111904_standard_comp_to_training_D4_subj_2-1_and_2-2/20230616_111904_standard_comp_to_training_D4_subj_2-1_and_2-2.2.original.mp4
Processing /scratch/back_up/reward_competition_extention/proc/reencoded_videos/20230616_111904_standard_comp_to_training_D4_subj_2-1_and_2-2/20230616_111904_standard_comp_to_training_D4_subj_2-1_and_2-2.2.original.mp4...
Reencoding mp4
All Done!
